This is pdfTeX, Version 3.141592653-2.6-1.40.23 (MiKTeX 21.8) (preloaded format=pdflatex 2021.8.17)  5 DEC 2021 15:29
entering extended mode
**./mypresentation.tex
(mypresentation.tex
LaTeX2e <2021-06-01> patch level 1
L3 programming layer <2021-07-12>
(C:\Users\Gergely\AppData\Roaming\MiKTeX\2.9\tex/latex/beamer\beamer.cls
Document Class: beamer 2021/05/26 v3.63 A class for typesetting presentations

(C:\Users\Gergely\AppData\Roaming\MiKTeX\2.9\tex/latex/beamer\beamerbasemodes.s
ty (C:\Users\Gergely\AppData\Roaming\MiKTeX\2.9\tex/latex/etoolbox\etoolbox.sty
Package: etoolbox 2020/10/05 v2.5k e-TeX tools for LaTeX (JAW)
\etb@tempcnta=\count182
)
\beamer@tempbox=\box50
\beamer@tempcount=\count183
\c@beamerpauses=\count184

(C:\Users\Gergely\AppData\Roaming\MiKTeX\2.9\tex/latex/beamer\beamerbasedecode.
sty
\beamer@slideinframe=\count185
\beamer@minimum=\count186
\beamer@decode@box=\box51
)
\beamer@commentbox=\box52
\beamer@modecount=\count187
) (C:\Users\Gergely\AppData\Roaming\MiKTeX\2.9\tex/generic/iftex\ifpdf.sty
Package: ifpdf 2019/10/25 v3.4 ifpdf legacy package. Use iftex instead.

(C:\Users\Gergely\AppData\Roaming\MiKTeX\2.9\tex/generic/iftex\iftex.sty
Package: iftex 2020/03/06 v1.0d TeX engine tests
))
\headdp=\dimen138
\footheight=\dimen139
\sidebarheight=\dimen140
\beamer@tempdim=\dimen141
\beamer@finalheight=\dimen142
\beamer@animht=\dimen143
\beamer@animdp=\dimen144
\beamer@animwd=\dimen145
\beamer@leftmargin=\dimen146
\beamer@rightmargin=\dimen147
\beamer@leftsidebar=\dimen148
\beamer@rightsidebar=\dimen149
\beamer@boxsize=\dimen150
\beamer@vboxoffset=\dimen151
\beamer@descdefault=\dimen152
\beamer@descriptionwidth=\dimen153
\beamer@lastskip=\skip47
\beamer@areabox=\box53
\beamer@animcurrent=\box54
\beamer@animshowbox=\box55
\beamer@sectionbox=\box56
\beamer@logobox=\box57
\beamer@linebox=\box58
\beamer@sectioncount=\count188
\beamer@subsubsectionmax=\count189
\beamer@subsectionmax=\count190
\beamer@sectionmax=\count191
\beamer@totalheads=\count192
\beamer@headcounter=\count193
\beamer@partstartpage=\count194
\beamer@sectionstartpage=\count195
\beamer@subsectionstartpage=\count196
\beamer@animationtempa=\count197
\beamer@animationtempb=\count198
\beamer@xpos=\count199
\beamer@ypos=\count266
\beamer@ypos@offset=\count267
\beamer@showpartnumber=\count268
\beamer@currentsubsection=\count269
\beamer@coveringdepth=\count270
\beamer@sectionadjust=\count271
\beamer@toclastsection=\count272
\beamer@tocsectionnumber=\count273

(C:\Users\Gergely\AppData\Roaming\MiKTeX\2.9\tex/latex/beamer\beamerbaseoptions
.sty (C:\Program Files\MiKTeX 2.9\tex/latex/graphics\keyval.sty
Package: keyval 2014/10/28 v1.15 key=value parser (DPC)
\KV@toks@=\toks16
))
\beamer@paperwidth=\skip48
\beamer@paperheight=\skip49

(C:\Program Files\MiKTeX 2.9\tex/latex/geometry\geometry.sty
Package: geometry 2020/01/02 v5.9 Page Geometry

(C:\Users\Gergely\AppData\Roaming\MiKTeX\2.9\tex/generic/iftex\ifvtex.sty
Package: ifvtex 2019/10/25 v1.7 ifvtex legacy package. Use iftex instead.
)
\Gm@cnth=\count274
\Gm@cntv=\count275
\c@Gm@tempcnt=\count276
\Gm@bindingoffset=\dimen154
\Gm@wd@mp=\dimen155
\Gm@odd@mp=\dimen156
\Gm@even@mp=\dimen157
\Gm@layoutwidth=\dimen158
\Gm@layoutheight=\dimen159
\Gm@layouthoffset=\dimen160
\Gm@layoutvoffset=\dimen161
\Gm@dimlist=\toks17

(C:\Program Files\MiKTeX 2.9\tex/latex/geometry\geometry.cfg))
(C:\Program Files\MiKTeX 2.9\tex/latex/base\size11.clo
File: size11.clo 2021/02/12 v1.4n Standard LaTeX file (size option)
)
(C:\Users\Gergely\AppData\Roaming\MiKTeX\2.9\tex/latex/pgf/basiclayer\pgfcore.s
ty (C:\Program Files\MiKTeX 2.9\tex/latex/graphics\graphicx.sty
Package: graphicx 2020/12/05 v1.2c Enhanced LaTeX Graphics (DPC,SPQR)

(C:\Program Files\MiKTeX 2.9\tex/latex/graphics\graphics.sty
Package: graphics 2021/03/04 v1.4d Standard LaTeX Graphics (DPC,SPQR)

(C:\Program Files\MiKTeX 2.9\tex/latex/graphics\trig.sty
Package: trig 2016/01/03 v1.10 sin cos tan (DPC)
)
(C:\Program Files\MiKTeX 2.9\tex/latex/graphics-cfg\graphics.cfg
File: graphics.cfg 2016/06/04 v1.11 sample graphics configuration
)
Package graphics Info: Driver file: pdftex.def on input line 107.

(C:\Program Files\MiKTeX 2.9\tex/latex/graphics-def\pdftex.def
File: pdftex.def 2020/10/05 v1.2a Graphics/color driver for pdftex
))
\Gin@req@height=\dimen162
\Gin@req@width=\dimen163
)
(C:\Users\Gergely\AppData\Roaming\MiKTeX\2.9\tex/latex/pgf/systemlayer\pgfsys.s
ty
(C:\Users\Gergely\AppData\Roaming\MiKTeX\2.9\tex/latex/pgf/utilities\pgfrcs.sty

(C:\Users\Gergely\AppData\Roaming\MiKTeX\2.9\tex/generic/pgf/utilities\pgfutil-
common.tex
\pgfutil@everybye=\toks18
\pgfutil@tempdima=\dimen164
\pgfutil@tempdimb=\dimen165

(C:\Users\Gergely\AppData\Roaming\MiKTeX\2.9\tex/generic/pgf/utilities\pgfutil-
common-lists.tex))
(C:\Users\Gergely\AppData\Roaming\MiKTeX\2.9\tex/generic/pgf/utilities\pgfutil-
latex.def
\pgfutil@abb=\box59
)
(C:\Users\Gergely\AppData\Roaming\MiKTeX\2.9\tex/generic/pgf/utilities\pgfrcs.c
ode.tex
(C:\Users\Gergely\AppData\Roaming\MiKTeX\2.9\tex/generic/pgf\pgf.revision.tex)
Package: pgfrcs 2021/05/15 v3.1.9a (3.1.9a)
))
(C:\Users\Gergely\AppData\Roaming\MiKTeX\2.9\tex/generic/pgf/systemlayer\pgfsys
.code.tex
Package: pgfsys 2021/05/15 v3.1.9a (3.1.9a)

(C:\Users\Gergely\AppData\Roaming\MiKTeX\2.9\tex/generic/pgf/utilities\pgfkeys.
code.tex
\pgfkeys@pathtoks=\toks19
\pgfkeys@temptoks=\toks20

(C:\Users\Gergely\AppData\Roaming\MiKTeX\2.9\tex/generic/pgf/utilities\pgfkeysf
iltered.code.tex
\pgfkeys@tmptoks=\toks21
))
\pgf@x=\dimen166
\pgf@y=\dimen167
\pgf@xa=\dimen168
\pgf@ya=\dimen169
\pgf@xb=\dimen170
\pgf@yb=\dimen171
\pgf@xc=\dimen172
\pgf@yc=\dimen173
\pgf@xd=\dimen174
\pgf@yd=\dimen175
\w@pgf@writea=\write3
\r@pgf@reada=\read2
\c@pgf@counta=\count277
\c@pgf@countb=\count278
\c@pgf@countc=\count279
\c@pgf@countd=\count280
\t@pgf@toka=\toks22
\t@pgf@tokb=\toks23
\t@pgf@tokc=\toks24
\pgf@sys@id@count=\count281

(C:\Users\Gergely\AppData\Roaming\MiKTeX\2.9\tex/generic/pgf/systemlayer\pgf.cf
g
File: pgf.cfg 2021/05/15 v3.1.9a (3.1.9a)
)
Driver file for pgf: pgfsys-pdftex.def

(C:\Users\Gergely\AppData\Roaming\MiKTeX\2.9\tex/generic/pgf/systemlayer\pgfsys
-pdftex.def
File: pgfsys-pdftex.def 2021/05/15 v3.1.9a (3.1.9a)

(C:\Users\Gergely\AppData\Roaming\MiKTeX\2.9\tex/generic/pgf/systemlayer\pgfsys
-common-pdf.def
File: pgfsys-common-pdf.def 2021/05/15 v3.1.9a (3.1.9a)
)))
(C:\Users\Gergely\AppData\Roaming\MiKTeX\2.9\tex/generic/pgf/systemlayer\pgfsys
softpath.code.tex
File: pgfsyssoftpath.code.tex 2021/05/15 v3.1.9a (3.1.9a)
\pgfsyssoftpath@smallbuffer@items=\count282
\pgfsyssoftpath@bigbuffer@items=\count283
)
(C:\Users\Gergely\AppData\Roaming\MiKTeX\2.9\tex/generic/pgf/systemlayer\pgfsys
protocol.code.tex
File: pgfsysprotocol.code.tex 2021/05/15 v3.1.9a (3.1.9a)
))
(C:\Users\Gergely\AppData\Roaming\MiKTeX\2.9\tex/latex/xcolor\xcolor.sty
Package: xcolor 2016/05/11 v2.12 LaTeX color extensions (UK)

(C:\Program Files\MiKTeX 2.9\tex/latex/graphics-cfg\color.cfg
File: color.cfg 2016/01/02 v1.6 sample color configuration
)
Package xcolor Info: Driver file: pdftex.def on input line 225.
Package xcolor Info: Model `cmy' substituted by `cmy0' on input line 1348.
Package xcolor Info: Model `hsb' substituted by `rgb' on input line 1352.
Package xcolor Info: Model `RGB' extended on input line 1364.
Package xcolor Info: Model `HTML' substituted by `rgb' on input line 1366.
Package xcolor Info: Model `Hsb' substituted by `hsb' on input line 1367.
Package xcolor Info: Model `tHsb' substituted by `hsb' on input line 1368.
Package xcolor Info: Model `HSB' substituted by `hsb' on input line 1369.
Package xcolor Info: Model `Gray' substituted by `gray' on input line 1370.
Package xcolor Info: Model `wave' substituted by `hsb' on input line 1371.
)
(C:\Users\Gergely\AppData\Roaming\MiKTeX\2.9\tex/generic/pgf/basiclayer\pgfcore
.code.tex
Package: pgfcore 2021/05/15 v3.1.9a (3.1.9a)

(C:\Users\Gergely\AppData\Roaming\MiKTeX\2.9\tex/generic/pgf/math\pgfmath.code.
tex
(C:\Users\Gergely\AppData\Roaming\MiKTeX\2.9\tex/generic/pgf/math\pgfmathcalc.c
ode.tex
(C:\Users\Gergely\AppData\Roaming\MiKTeX\2.9\tex/generic/pgf/math\pgfmathutil.c
ode.tex)
(C:\Users\Gergely\AppData\Roaming\MiKTeX\2.9\tex/generic/pgf/math\pgfmathparser
.code.tex
\pgfmath@dimen=\dimen176
\pgfmath@count=\count284
\pgfmath@box=\box60
\pgfmath@toks=\toks25
\pgfmath@stack@operand=\toks26
\pgfmath@stack@operation=\toks27
)
(C:\Users\Gergely\AppData\Roaming\MiKTeX\2.9\tex/generic/pgf/math\pgfmathfuncti
ons.code.tex
(C:\Users\Gergely\AppData\Roaming\MiKTeX\2.9\tex/generic/pgf/math\pgfmathfuncti
ons.basic.code.tex)
(C:\Users\Gergely\AppData\Roaming\MiKTeX\2.9\tex/generic/pgf/math\pgfmathfuncti
ons.trigonometric.code.tex)
(C:\Users\Gergely\AppData\Roaming\MiKTeX\2.9\tex/generic/pgf/math\pgfmathfuncti
ons.random.code.tex)
(C:\Users\Gergely\AppData\Roaming\MiKTeX\2.9\tex/generic/pgf/math\pgfmathfuncti
ons.comparison.code.tex)
(C:\Users\Gergely\AppData\Roaming\MiKTeX\2.9\tex/generic/pgf/math\pgfmathfuncti
ons.base.code.tex)
(C:\Users\Gergely\AppData\Roaming\MiKTeX\2.9\tex/generic/pgf/math\pgfmathfuncti
ons.round.code.tex)
(C:\Users\Gergely\AppData\Roaming\MiKTeX\2.9\tex/generic/pgf/math\pgfmathfuncti
ons.misc.code.tex)
(C:\Users\Gergely\AppData\Roaming\MiKTeX\2.9\tex/generic/pgf/math\pgfmathfuncti
ons.integerarithmetics.code.tex)))
(C:\Users\Gergely\AppData\Roaming\MiKTeX\2.9\tex/generic/pgf/math\pgfmathfloat.
code.tex
\c@pgfmathroundto@lastzeros=\count285
))
(C:\Users\Gergely\AppData\Roaming\MiKTeX\2.9\tex/generic/pgf/math\pgfint.code.t
ex)
(C:\Users\Gergely\AppData\Roaming\MiKTeX\2.9\tex/generic/pgf/basiclayer\pgfcore
points.code.tex
File: pgfcorepoints.code.tex 2021/05/15 v3.1.9a (3.1.9a)
\pgf@picminx=\dimen177
\pgf@picmaxx=\dimen178
\pgf@picminy=\dimen179
\pgf@picmaxy=\dimen180
\pgf@pathminx=\dimen181
\pgf@pathmaxx=\dimen182
\pgf@pathminy=\dimen183
\pgf@pathmaxy=\dimen184
\pgf@xx=\dimen185
\pgf@xy=\dimen186
\pgf@yx=\dimen187
\pgf@yy=\dimen188
\pgf@zx=\dimen189
\pgf@zy=\dimen190
)
(C:\Users\Gergely\AppData\Roaming\MiKTeX\2.9\tex/generic/pgf/basiclayer\pgfcore
pathconstruct.code.tex
File: pgfcorepathconstruct.code.tex 2021/05/15 v3.1.9a (3.1.9a)
\pgf@path@lastx=\dimen191
\pgf@path@lasty=\dimen192
)
(C:\Users\Gergely\AppData\Roaming\MiKTeX\2.9\tex/generic/pgf/basiclayer\pgfcore
pathusage.code.tex
File: pgfcorepathusage.code.tex 2021/05/15 v3.1.9a (3.1.9a)
\pgf@shorten@end@additional=\dimen193
\pgf@shorten@start@additional=\dimen194
)
(C:\Users\Gergely\AppData\Roaming\MiKTeX\2.9\tex/generic/pgf/basiclayer\pgfcore
scopes.code.tex
File: pgfcorescopes.code.tex 2021/05/15 v3.1.9a (3.1.9a)
\pgfpic=\box61
\pgf@hbox=\box62
\pgf@layerbox@main=\box63
\pgf@picture@serial@count=\count286
)
(C:\Users\Gergely\AppData\Roaming\MiKTeX\2.9\tex/generic/pgf/basiclayer\pgfcore
graphicstate.code.tex
File: pgfcoregraphicstate.code.tex 2021/05/15 v3.1.9a (3.1.9a)
\pgflinewidth=\dimen195
)
(C:\Users\Gergely\AppData\Roaming\MiKTeX\2.9\tex/generic/pgf/basiclayer\pgfcore
transformations.code.tex
File: pgfcoretransformations.code.tex 2021/05/15 v3.1.9a (3.1.9a)
\pgf@pt@x=\dimen196
\pgf@pt@y=\dimen197
\pgf@pt@temp=\dimen198
)
(C:\Users\Gergely\AppData\Roaming\MiKTeX\2.9\tex/generic/pgf/basiclayer\pgfcore
quick.code.tex
File: pgfcorequick.code.tex 2021/05/15 v3.1.9a (3.1.9a)
)
(C:\Users\Gergely\AppData\Roaming\MiKTeX\2.9\tex/generic/pgf/basiclayer\pgfcore
objects.code.tex
File: pgfcoreobjects.code.tex 2021/05/15 v3.1.9a (3.1.9a)
)
(C:\Users\Gergely\AppData\Roaming\MiKTeX\2.9\tex/generic/pgf/basiclayer\pgfcore
pathprocessing.code.tex
File: pgfcorepathprocessing.code.tex 2021/05/15 v3.1.9a (3.1.9a)
)
(C:\Users\Gergely\AppData\Roaming\MiKTeX\2.9\tex/generic/pgf/basiclayer\pgfcore
arrows.code.tex
File: pgfcorearrows.code.tex 2021/05/15 v3.1.9a (3.1.9a)
\pgfarrowsep=\dimen199
)
(C:\Users\Gergely\AppData\Roaming\MiKTeX\2.9\tex/generic/pgf/basiclayer\pgfcore
shade.code.tex
File: pgfcoreshade.code.tex 2021/05/15 v3.1.9a (3.1.9a)
\pgf@max=\dimen256
\pgf@sys@shading@range@num=\count287
\pgf@shadingcount=\count288
)
(C:\Users\Gergely\AppData\Roaming\MiKTeX\2.9\tex/generic/pgf/basiclayer\pgfcore
image.code.tex
File: pgfcoreimage.code.tex 2021/05/15 v3.1.9a (3.1.9a)

(C:\Users\Gergely\AppData\Roaming\MiKTeX\2.9\tex/generic/pgf/basiclayer\pgfcore
external.code.tex
File: pgfcoreexternal.code.tex 2021/05/15 v3.1.9a (3.1.9a)
\pgfexternal@startupbox=\box64
))
(C:\Users\Gergely\AppData\Roaming\MiKTeX\2.9\tex/generic/pgf/basiclayer\pgfcore
layers.code.tex
File: pgfcorelayers.code.tex 2021/05/15 v3.1.9a (3.1.9a)
)
(C:\Users\Gergely\AppData\Roaming\MiKTeX\2.9\tex/generic/pgf/basiclayer\pgfcore
transparency.code.tex
File: pgfcoretransparency.code.tex 2021/05/15 v3.1.9a (3.1.9a)
)
(C:\Users\Gergely\AppData\Roaming\MiKTeX\2.9\tex/generic/pgf/basiclayer\pgfcore
patterns.code.tex
File: pgfcorepatterns.code.tex 2021/05/15 v3.1.9a (3.1.9a)
)
(C:\Users\Gergely\AppData\Roaming\MiKTeX\2.9\tex/generic/pgf/basiclayer\pgfcore
rdf.code.tex
File: pgfcorerdf.code.tex 2021/05/15 v3.1.9a (3.1.9a)
)))
(C:\Users\Gergely\AppData\Roaming\MiKTeX\2.9\tex/latex/pgf/utilities\xxcolor.st
y
Package: xxcolor 2003/10/24 ver 0.1
\XC@nummixins=\count289
\XC@countmixins=\count290
) (C:\Program Files\MiKTeX 2.9\tex/latex/base\atbegshi-ltx.sty
Package: atbegshi-ltx 2021/01/10 v1.0c Emulation of the original atbegshi
package with kernel methods
)
(C:\Program Files\MiKTeX 2.9\tex/latex/hyperref\hyperref.sty
Package: hyperref 2021-06-07 v7.00m Hypertext links for LaTeX

(C:\Users\Gergely\AppData\Roaming\MiKTeX\2.9\tex/generic/ltxcmds\ltxcmds.sty
Package: ltxcmds 2020-05-10 v1.25 LaTeX kernel commands for general use (HO)
)
(C:\Users\Gergely\AppData\Roaming\MiKTeX\2.9\tex/generic/pdftexcmds\pdftexcmds.
sty
Package: pdftexcmds 2020-06-27 v0.33 Utility functions of pdfTeX for LuaTeX (HO
)

(C:\Users\Gergely\AppData\Roaming\MiKTeX\2.9\tex/generic/infwarerr\infwarerr.st
y
Package: infwarerr 2019/12/03 v1.5 Providing info/warning/error messages (HO)
)
Package pdftexcmds Info: \pdf@primitive is available.
Package pdftexcmds Info: \pdf@ifprimitive is available.
Package pdftexcmds Info: \pdfdraftmode found.
)
(C:\Users\Gergely\AppData\Roaming\MiKTeX\2.9\tex/generic/kvsetkeys\kvsetkeys.st
y
Package: kvsetkeys 2019/12/15 v1.18 Key value parser (HO)
)
(C:\Users\Gergely\AppData\Roaming\MiKTeX\2.9\tex/generic/kvdefinekeys\kvdefinek
eys.sty
Package: kvdefinekeys 2019-12-19 v1.6 Define keys (HO)
)
(C:\Users\Gergely\AppData\Roaming\MiKTeX\2.9\tex/generic/pdfescape\pdfescape.st
y
Package: pdfescape 2019/12/09 v1.15 Implements pdfTeX's escape features (HO)
) (C:\Users\Gergely\AppData\Roaming\MiKTeX\2.9\tex/latex/hycolor\hycolor.sty
Package: hycolor 2020-01-27 v1.10 Color options for hyperref/bookmark (HO)
)
(C:\Users\Gergely\AppData\Roaming\MiKTeX\2.9\tex/latex/letltxmacro\letltxmacro.
sty
Package: letltxmacro 2019/12/03 v1.6 Let assignment for LaTeX macros (HO)
) (C:\Users\Gergely\AppData\Roaming\MiKTeX\2.9\tex/latex/auxhook\auxhook.sty
Package: auxhook 2019-12-17 v1.6 Hooks for auxiliary files (HO)
)
(C:\Users\Gergely\AppData\Roaming\MiKTeX\2.9\tex/latex/kvoptions\kvoptions.sty
Package: kvoptions 2020-10-07 v3.14 Key value format for package options (HO)
)
\@linkdim=\dimen257
\Hy@linkcounter=\count291
\Hy@pagecounter=\count292
(C:\Program Files\MiKTeX 2.9\tex/latex/hyperref\pd1enc.def
File: pd1enc.def 2021-06-07 v7.00m Hyperref: PDFDocEncoding definition (HO)
Now handling font encoding PD1 ...
... no UTF-8 mapping file for font encoding PD1
)
(C:\Program Files\MiKTeX 2.9\tex/latex/hyperref\hyperref-langpatches.def
File: hyperref-langpatches.def 2021-06-07 v7.00m Hyperref: patches for babel la
nguages
)
(C:\Users\Gergely\AppData\Roaming\MiKTeX\2.9\tex/generic/intcalc\intcalc.sty
Package: intcalc 2019/12/15 v1.3 Expandable calculations with integers (HO)
)
(C:\Users\Gergely\AppData\Roaming\MiKTeX\2.9\tex/generic/etexcmds\etexcmds.sty
Package: etexcmds 2019/12/15 v1.7 Avoid name clashes with e-TeX commands (HO)
)
\Hy@SavedSpaceFactor=\count293
(C:\Program Files\MiKTeX 2.9\tex/latex/hyperref\puenc.def
File: puenc.def 2021-06-07 v7.00m Hyperref: PDF Unicode definition (HO)
Now handling font encoding PU ...
... no UTF-8 mapping file for font encoding PU
)
Package hyperref Info: Option `bookmarks' set `true' on input line 4073.
Package hyperref Info: Option `bookmarksopen' set `true' on input line 4073.
Package hyperref Info: Option `implicit' set `false' on input line 4073.
Package hyperref Info: Hyper figures OFF on input line 4192.
Package hyperref Info: Link nesting OFF on input line 4197.
Package hyperref Info: Hyper index ON on input line 4200.
Package hyperref Info: Plain pages OFF on input line 4207.
Package hyperref Info: Backreferencing OFF on input line 4212.
Package hyperref Info: Implicit mode OFF; no redefinition of LaTeX internals.
Package hyperref Info: Bookmarks ON on input line 4445.
\c@Hy@tempcnt=\count294

(C:\Users\Gergely\AppData\Roaming\MiKTeX\2.9\tex/latex/url\url.sty
\Urlmuskip=\muskip16
Package: url 2013/09/16  ver 3.4  Verb mode for urls, etc.
)
LaTeX Info: Redefining \url on input line 4804.
\XeTeXLinkMargin=\dimen258

(C:\Users\Gergely\AppData\Roaming\MiKTeX\2.9\tex/generic/bitset\bitset.sty
Package: bitset 2019/12/09 v1.3 Handle bit-vector datatype (HO)

(C:\Users\Gergely\AppData\Roaming\MiKTeX\2.9\tex/generic/bigintcalc\bigintcalc.
sty
Package: bigintcalc 2019/12/15 v1.5 Expandable calculations on big integers (HO
)
))
\Fld@menulength=\count295
\Field@Width=\dimen259
\Fld@charsize=\dimen260
Package hyperref Info: Hyper figures OFF on input line 6076.
Package hyperref Info: Link nesting OFF on input line 6081.
Package hyperref Info: Hyper index ON on input line 6084.
Package hyperref Info: backreferencing OFF on input line 6091.
Package hyperref Info: Link coloring OFF on input line 6096.
Package hyperref Info: Link coloring with OCG OFF on input line 6101.
Package hyperref Info: PDF/A mode OFF on input line 6106.
LaTeX Info: Redefining \ref on input line 6146.
LaTeX Info: Redefining \pageref on input line 6150.
\Hy@abspage=\count296


Package hyperref Message: Stopped early.

)
Package hyperref Info: Driver (autodetected): hpdftex.
 (C:\Program Files\MiKTeX 2.9\tex/latex/hyperref\hpdftex.def
File: hpdftex.def 2021-06-07 v7.00m Hyperref driver for pdfTeX

(C:\Program Files\MiKTeX 2.9\tex/latex/base\atveryend-ltx.sty
Package: atveryend-ltx 2020/08/19 v1.0a Emulation of the original atvery packag
e
with kernel methods
)
\Fld@listcount=\count297
\c@bookmark@seq@number=\count298

(C:\Users\Gergely\AppData\Roaming\MiKTeX\2.9\tex/latex/rerunfilecheck\rerunfile
check.sty
Package: rerunfilecheck 2019/12/05 v1.9 Rerun checks for auxiliary files (HO)

(C:\Users\Gergely\AppData\Roaming\MiKTeX\2.9\tex/generic/uniquecounter\uniqueco
unter.sty
Package: uniquecounter 2019/12/15 v1.4 Provide unlimited unique counter (HO)
)
Package uniquecounter Info: New unique counter `rerunfilecheck' on input line 2
86.
))
(C:\Users\Gergely\AppData\Roaming\MiKTeX\2.9\tex/latex/beamer\beamerbaserequire
s.sty
(C:\Users\Gergely\AppData\Roaming\MiKTeX\2.9\tex/latex/beamer\beamerbasecompati
bility.sty)
(C:\Users\Gergely\AppData\Roaming\MiKTeX\2.9\tex/latex/beamer\beamerbasefont.st
y (C:\Program Files\MiKTeX 2.9\tex/latex/amsfonts\amssymb.sty
Package: amssymb 2013/01/14 v3.01 AMS font symbols

(C:\Program Files\MiKTeX 2.9\tex/latex/amsfonts\amsfonts.sty
Package: amsfonts 2013/01/14 v3.01 Basic AMSFonts support
\@emptytoks=\toks28
\symAMSa=\mathgroup4
\symAMSb=\mathgroup5
LaTeX Font Info:    Redeclaring math symbol \hbar on input line 98.
LaTeX Font Info:    Overwriting math alphabet `\mathfrak' in version `bold'
(Font)                  U/euf/m/n --> U/euf/b/n on input line 106.
))
(C:\Users\Gergely\AppData\Roaming\MiKTeX\2.9\tex/latex/sansmathaccent\sansmatha
ccent.sty
Package: sansmathaccent 2020/01/31

(C:\Users\Gergely\AppData\Roaming\MiKTeX\2.9\tex/latex/koma-script\scrlfile.sty
Package: scrlfile 2021/11/13 v3.35 KOMA-Script package (file load hooks)

(C:\Users\Gergely\AppData\Roaming\MiKTeX\2.9\tex/latex/koma-script\scrlfile-hoo
k-3.34.sty
Package: scrlfile-hook-3.34 2021/11/13 v3.35 KOMA-Script package (using LaTeX h
ooks)

(C:\Users\Gergely\AppData\Roaming\MiKTeX\2.9\tex/latex/koma-script\scrlogo.sty
Package: scrlogo 2021/11/13 v3.35 KOMA-Script package (logo)
)))))
(C:\Users\Gergely\AppData\Roaming\MiKTeX\2.9\tex/latex/beamer\beamerbasetransla
tor.sty
(C:\Users\Gergely\AppData\Roaming\MiKTeX\2.9\tex/latex/translator\translator.st
y
Package: translator 2021-05-31 v1.12d Easy translation of strings in LaTeX
))
(C:\Users\Gergely\AppData\Roaming\MiKTeX\2.9\tex/latex/beamer\beamerbasemisc.st
y)
(C:\Users\Gergely\AppData\Roaming\MiKTeX\2.9\tex/latex/beamer\beamerbasetwoscre
ens.sty)
(C:\Users\Gergely\AppData\Roaming\MiKTeX\2.9\tex/latex/beamer\beamerbaseoverlay
.sty
\beamer@argscount=\count299
\beamer@lastskipcover=\skip50
\beamer@trivlistdepth=\count300
)
(C:\Users\Gergely\AppData\Roaming\MiKTeX\2.9\tex/latex/beamer\beamerbasetitle.s
ty)
(C:\Users\Gergely\AppData\Roaming\MiKTeX\2.9\tex/latex/beamer\beamerbasesection
.sty
\c@lecture=\count301
\c@part=\count302
\c@section=\count303
\c@subsection=\count304
\c@subsubsection=\count305
)
(C:\Users\Gergely\AppData\Roaming\MiKTeX\2.9\tex/latex/beamer\beamerbaseframe.s
ty
\beamer@framebox=\box65
\beamer@frametitlebox=\box66
\beamer@zoombox=\box67
\beamer@zoomcount=\count306
\beamer@zoomframecount=\count307
\beamer@frametextheight=\dimen261
\c@subsectionslide=\count308
\beamer@frametopskip=\skip51
\beamer@framebottomskip=\skip52
\beamer@frametopskipautobreak=\skip53
\beamer@framebottomskipautobreak=\skip54
\beamer@envbody=\toks29
\framewidth=\dimen262
\c@framenumber=\count309
)
(C:\Users\Gergely\AppData\Roaming\MiKTeX\2.9\tex/latex/beamer\beamerbaseverbati
m.sty
\beamer@verbatimfileout=\write4
)
(C:\Users\Gergely\AppData\Roaming\MiKTeX\2.9\tex/latex/beamer\beamerbaseframesi
ze.sty
\beamer@splitbox=\box68
\beamer@autobreakcount=\count310
\beamer@autobreaklastheight=\dimen263
\beamer@frametitletoks=\toks30
\beamer@framesubtitletoks=\toks31
)
(C:\Users\Gergely\AppData\Roaming\MiKTeX\2.9\tex/latex/beamer\beamerbaseframeco
mponents.sty
\beamer@footins=\box69
)
(C:\Users\Gergely\AppData\Roaming\MiKTeX\2.9\tex/latex/beamer\beamerbasecolor.s
ty)
(C:\Users\Gergely\AppData\Roaming\MiKTeX\2.9\tex/latex/beamer\beamerbasenotes.s
ty
\beamer@frameboxcopy=\box70
)
(C:\Users\Gergely\AppData\Roaming\MiKTeX\2.9\tex/latex/beamer\beamerbasetoc.sty
)
(C:\Users\Gergely\AppData\Roaming\MiKTeX\2.9\tex/latex/beamer\beamerbasetemplat
es.sty
\beamer@sbttoks=\toks32

(C:\Users\Gergely\AppData\Roaming\MiKTeX\2.9\tex/latex/beamer\beamerbaseauxtemp
lates.sty
(C:\Users\Gergely\AppData\Roaming\MiKTeX\2.9\tex/latex/beamer\beamerbaseboxes.s
ty
\bmb@box=\box71
\bmb@colorbox=\box72
\bmb@boxwidth=\dimen264
\bmb@boxheight=\dimen265
\bmb@prevheight=\dimen266
\bmb@temp=\dimen267
\bmb@dima=\dimen268
\bmb@dimb=\dimen269
\bmb@prevheight=\dimen270
)
\beamer@blockheadheight=\dimen271
))
(C:\Users\Gergely\AppData\Roaming\MiKTeX\2.9\tex/latex/beamer\beamerbaselocalst
ructure.sty
(C:\Users\Gergely\AppData\Roaming\MiKTeX\2.9\tex/latex/tools\enumerate.sty
Package: enumerate 2015/07/23 v3.00 enumerate extensions (DPC)
\@enLab=\toks33
)
\beamer@bibiconwidth=\skip55
\c@figure=\count311
\c@table=\count312
\abovecaptionskip=\skip56
\belowcaptionskip=\skip57
)
(C:\Users\Gergely\AppData\Roaming\MiKTeX\2.9\tex/latex/beamer\beamerbasenavigat
ion.sty
\beamer@section@min@dim=\dimen272
)
(C:\Users\Gergely\AppData\Roaming\MiKTeX\2.9\tex/latex/beamer\beamerbasetheorem
s.sty (C:\Program Files\MiKTeX 2.9\tex/latex/amsmath\amsmath.sty
Package: amsmath 2021/04/20 v2.17j AMS math features
\@mathmargin=\skip58

For additional information on amsmath, use the `?' option.
(C:\Program Files\MiKTeX 2.9\tex/latex/amsmath\amstext.sty
Package: amstext 2000/06/29 v2.01 AMS text

(C:\Program Files\MiKTeX 2.9\tex/latex/amsmath\amsgen.sty
File: amsgen.sty 1999/11/30 v2.0 generic functions
\@emptytoks=\toks34
\ex@=\dimen273
))
(C:\Program Files\MiKTeX 2.9\tex/latex/amsmath\amsbsy.sty
Package: amsbsy 1999/11/29 v1.2d Bold Symbols
\pmbraise@=\dimen274
)
(C:\Program Files\MiKTeX 2.9\tex/latex/amsmath\amsopn.sty
Package: amsopn 2016/03/08 v2.02 operator names
)
\inf@bad=\count313
LaTeX Info: Redefining \frac on input line 234.
\uproot@=\count314
\leftroot@=\count315
LaTeX Info: Redefining \overline on input line 399.
\classnum@=\count316
\DOTSCASE@=\count317
LaTeX Info: Redefining \ldots on input line 496.
LaTeX Info: Redefining \dots on input line 499.
LaTeX Info: Redefining \cdots on input line 620.
\Mathstrutbox@=\box73
\strutbox@=\box74
\big@size=\dimen275
LaTeX Font Info:    Redeclaring font encoding OML on input line 743.
LaTeX Font Info:    Redeclaring font encoding OMS on input line 744.
\macc@depth=\count318
\c@MaxMatrixCols=\count319
\dotsspace@=\muskip17
\c@parentequation=\count320
\dspbrk@lvl=\count321
\tag@help=\toks35
\row@=\count322
\column@=\count323
\maxfields@=\count324
\andhelp@=\toks36
\eqnshift@=\dimen276
\alignsep@=\dimen277
\tagshift@=\dimen278
\tagwidth@=\dimen279
\totwidth@=\dimen280
\lineht@=\dimen281
\@envbody=\toks37
\multlinegap=\skip59
\multlinetaggap=\skip60
\mathdisplay@stack=\toks38
LaTeX Info: Redefining \[ on input line 2923.
LaTeX Info: Redefining \] on input line 2924.
)
(C:\Program Files\MiKTeX 2.9\tex/latex/amscls\amsthm.sty
Package: amsthm 2020/05/29 v2.20.6
\thm@style=\toks39
\thm@bodyfont=\toks40
\thm@headfont=\toks41
\thm@notefont=\toks42
\thm@headpunct=\toks43
\thm@preskip=\skip61
\thm@postskip=\skip62
\thm@headsep=\skip63
\dth@everypar=\toks44
)
\c@theorem=\count325
)
(C:\Users\Gergely\AppData\Roaming\MiKTeX\2.9\tex/latex/beamer\beamerbasethemes.
sty))
(C:\Users\Gergely\AppData\Roaming\MiKTeX\2.9\tex/latex/beamer\beamerthemedefaul
t.sty
(C:\Users\Gergely\AppData\Roaming\MiKTeX\2.9\tex/latex/beamer\beamerfontthemede
fault.sty)
(C:\Users\Gergely\AppData\Roaming\MiKTeX\2.9\tex/latex/beamer\beamercolorthemed
efault.sty)
(C:\Users\Gergely\AppData\Roaming\MiKTeX\2.9\tex/latex/beamer\beamerinnerthemed
efault.sty
\beamer@dima=\dimen282
\beamer@dimb=\dimen283
)
(C:\Users\Gergely\AppData\Roaming\MiKTeX\2.9\tex/latex/beamer\beamerouterthemed
efault.sty))) (UAMAIbeamer.tex
(C:\Users\Gergely\AppData\Roaming\MiKTeX\2.9\tex/latex/textpos\textpos.sty
Package: textpos 2020/09/26 v1.10

Package: textpos 2020/09/26 1.10, absolute positioning of text on the page
Package textpos Info: choosing support for LaTeX3 on input line 61.
\TP@textbox=\box75
\TPHorizModule=\dimen284
\TPVertModule=\dimen285
\TP@margin=\dimen286
\TP@absmargin=\dimen287
Grid set 16 x 16 = 22.7622pt x 17.07166pt
\TPboxrulesize=\dimen288
\TP@tbargs=\toks45
) (C:\Users\Gergely\AppData\Roaming\MiKTeX\2.9\tex/latex/eso-pic\eso-pic.sty
Package: eso-pic 2020/10/14 v3.0a eso-pic (RN)
\ESO@tempdima=\dimen289
\ESO@tempdimb=\dimen290
)
(C:\Users\Gergely\AppData\Roaming\MiKTeX\2.9\tex/latex/pgf/frontendlayer\tikz.s
ty
(C:\Users\Gergely\AppData\Roaming\MiKTeX\2.9\tex/latex/pgf/basiclayer\pgf.sty
Package: pgf 2021/05/15 v3.1.9a (3.1.9a)

(C:\Users\Gergely\AppData\Roaming\MiKTeX\2.9\tex/generic/pgf/modules\pgfmodules
hapes.code.tex
File: pgfmoduleshapes.code.tex 2021/05/15 v3.1.9a (3.1.9a)
\pgfnodeparttextbox=\box76
)
(C:\Users\Gergely\AppData\Roaming\MiKTeX\2.9\tex/generic/pgf/modules\pgfmodulep
lot.code.tex
File: pgfmoduleplot.code.tex 2021/05/15 v3.1.9a (3.1.9a)
)
(C:\Users\Gergely\AppData\Roaming\MiKTeX\2.9\tex/latex/pgf/compatibility\pgfcom
p-version-0-65.sty
Package: pgfcomp-version-0-65 2021/05/15 v3.1.9a (3.1.9a)
\pgf@nodesepstart=\dimen291
\pgf@nodesepend=\dimen292
)
(C:\Users\Gergely\AppData\Roaming\MiKTeX\2.9\tex/latex/pgf/compatibility\pgfcom
p-version-1-18.sty
Package: pgfcomp-version-1-18 2021/05/15 v3.1.9a (3.1.9a)
))
(C:\Users\Gergely\AppData\Roaming\MiKTeX\2.9\tex/latex/pgf/utilities\pgffor.sty

(C:\Users\Gergely\AppData\Roaming\MiKTeX\2.9\tex/latex/pgf/utilities\pgfkeys.st
y
(C:\Users\Gergely\AppData\Roaming\MiKTeX\2.9\tex/generic/pgf/utilities\pgfkeys.
code.tex))
(C:\Users\Gergely\AppData\Roaming\MiKTeX\2.9\tex/latex/pgf/math\pgfmath.sty
(C:\Users\Gergely\AppData\Roaming\MiKTeX\2.9\tex/generic/pgf/math\pgfmath.code.
tex))
(C:\Users\Gergely\AppData\Roaming\MiKTeX\2.9\tex/generic/pgf/utilities\pgffor.c
ode.tex
Package: pgffor 2021/05/15 v3.1.9a (3.1.9a)

(C:\Users\Gergely\AppData\Roaming\MiKTeX\2.9\tex/generic/pgf/math\pgfmath.code.
tex)
\pgffor@iter=\dimen293
\pgffor@skip=\dimen294
\pgffor@stack=\toks46
\pgffor@toks=\toks47
))
(C:\Users\Gergely\AppData\Roaming\MiKTeX\2.9\tex/generic/pgf/frontendlayer/tikz
\tikz.code.tex
Package: tikz 2021/05/15 v3.1.9a (3.1.9a)

(C:\Users\Gergely\AppData\Roaming\MiKTeX\2.9\tex/generic/pgf/libraries\pgflibra
ryplothandlers.code.tex
File: pgflibraryplothandlers.code.tex 2021/05/15 v3.1.9a (3.1.9a)
\pgf@plot@mark@count=\count326
\pgfplotmarksize=\dimen295
)
\tikz@lastx=\dimen296
\tikz@lasty=\dimen297
\tikz@lastxsaved=\dimen298
\tikz@lastysaved=\dimen299
\tikz@lastmovetox=\dimen300
\tikz@lastmovetoy=\dimen301
\tikzleveldistance=\dimen302
\tikzsiblingdistance=\dimen303
\tikz@figbox=\box77
\tikz@figbox@bg=\box78
\tikz@tempbox=\box79
\tikz@tempbox@bg=\box80
\tikztreelevel=\count327
\tikznumberofchildren=\count328
\tikznumberofcurrentchild=\count329
\tikz@fig@count=\count330

(C:\Users\Gergely\AppData\Roaming\MiKTeX\2.9\tex/generic/pgf/modules\pgfmodulem
atrix.code.tex
File: pgfmodulematrix.code.tex 2021/05/15 v3.1.9a (3.1.9a)
\pgfmatrixcurrentrow=\count331
\pgfmatrixcurrentcolumn=\count332
\pgf@matrix@numberofcolumns=\count333
)
\tikz@expandcount=\count334

(C:\Users\Gergely\AppData\Roaming\MiKTeX\2.9\tex/generic/pgf/frontendlayer/tikz
/libraries\tikzlibrarytopaths.code.tex
File: tikzlibrarytopaths.code.tex 2021/05/15 v3.1.9a (3.1.9a)
)))
(C:\Users\Gergely\AppData\Roaming\MiKTeX\2.9\tex/generic/pgf/frontendlayer/tikz
/libraries\tikzlibraryshapes.code.tex
File: tikzlibraryshapes.code.tex 2021/05/15 v3.1.9a (3.1.9a)

(C:\Users\Gergely\AppData\Roaming\MiKTeX\2.9\tex/generic/pgf/frontendlayer/tikz
/libraries\tikzlibraryshapes.geometric.code.tex
File: tikzlibraryshapes.geometric.code.tex 2021/05/15 v3.1.9a (3.1.9a)

(C:\Users\Gergely\AppData\Roaming\MiKTeX\2.9\tex/generic/pgf/libraries/shapes\p
gflibraryshapes.geometric.code.tex
File: pgflibraryshapes.geometric.code.tex 2021/05/15 v3.1.9a (3.1.9a)
))
(C:\Users\Gergely\AppData\Roaming\MiKTeX\2.9\tex/generic/pgf/frontendlayer/tikz
/libraries\tikzlibraryshapes.misc.code.tex
File: tikzlibraryshapes.misc.code.tex 2021/05/15 v3.1.9a (3.1.9a)

(C:\Users\Gergely\AppData\Roaming\MiKTeX\2.9\tex/generic/pgf/libraries/shapes\p
gflibraryshapes.misc.code.tex
File: pgflibraryshapes.misc.code.tex 2021/05/15 v3.1.9a (3.1.9a)
))
(C:\Users\Gergely\AppData\Roaming\MiKTeX\2.9\tex/generic/pgf/frontendlayer/tikz
/libraries\tikzlibraryshapes.symbols.code.tex
File: tikzlibraryshapes.symbols.code.tex 2021/05/15 v3.1.9a (3.1.9a)

(C:\Users\Gergely\AppData\Roaming\MiKTeX\2.9\tex/generic/pgf/libraries/shapes\p
gflibraryshapes.symbols.code.tex
File: pgflibraryshapes.symbols.code.tex 2021/05/15 v3.1.9a (3.1.9a)
))
(C:\Users\Gergely\AppData\Roaming\MiKTeX\2.9\tex/generic/pgf/frontendlayer/tikz
/libraries\tikzlibraryshapes.arrows.code.tex
File: tikzlibraryshapes.arrows.code.tex 2021/05/15 v3.1.9a (3.1.9a)

(C:\Users\Gergely\AppData\Roaming\MiKTeX\2.9\tex/generic/pgf/libraries/shapes\p
gflibraryshapes.arrows.code.tex
File: pgflibraryshapes.arrows.code.tex 2021/05/15 v3.1.9a (3.1.9a)
))
(C:\Users\Gergely\AppData\Roaming\MiKTeX\2.9\tex/generic/pgf/frontendlayer/tikz
/libraries\tikzlibraryshapes.callouts.code.tex
(C:\Users\Gergely\AppData\Roaming\MiKTeX\2.9\tex/generic/pgf/libraries/shapes\p
gflibraryshapes.callouts.code.tex))
(C:\Users\Gergely\AppData\Roaming\MiKTeX\2.9\tex/generic/pgf/frontendlayer/tikz
/libraries\tikzlibraryshapes.multipart.code.tex
File: tikzlibraryshapes.multipart.code.tex 2021/05/15 v3.1.9a (3.1.9a)

(C:\Users\Gergely\AppData\Roaming\MiKTeX\2.9\tex/generic/pgf/libraries/shapes\p
gflibraryshapes.multipart.code.tex
File: pgflibraryshapes.multipart.code.tex 2021/05/15 v3.1.9a (3.1.9a)
\pgfnodepartlowerbox=\box81
\pgfnodeparttwobox=\box82
\pgfnodepartthreebox=\box83
\pgfnodepartfourbox=\box84
\pgfnodeparttwentybox=\box85
\pgfnodepartnineteenbox=\box86
\pgfnodeparteighteenbox=\box87
\pgfnodepartseventeenbox=\box88
\pgfnodepartsixteenbox=\box89
\pgfnodepartfifteenbox=\box90
\pgfnodepartfourteenbox=\box91
\pgfnodepartthirteenbox=\box92
\pgfnodeparttwelvebox=\box93
\pgfnodepartelevenbox=\box94
\pgfnodeparttenbox=\box95
\pgfnodepartninebox=\box96
\pgfnodeparteightbox=\box97
\pgfnodepartsevenbox=\box98
\pgfnodepartsixbox=\box99
\pgfnodepartfivebox=\box100
)))
(C:\Users\Gergely\AppData\Roaming\MiKTeX\2.9\tex/generic/pgf/frontendlayer/tikz
/libraries\tikzlibraryarrows.code.tex
File: tikzlibraryarrows.code.tex 2021/05/15 v3.1.9a (3.1.9a)

(C:\Users\Gergely\AppData\Roaming\MiKTeX\2.9\tex/generic/pgf/libraries\pgflibra
ryarrows.code.tex
File: pgflibraryarrows.code.tex 2021/05/15 v3.1.9a (3.1.9a)
\arrowsize=\dimen304
))
(C:\Users\Gergely\AppData\Roaming\MiKTeX\2.9\tex/generic/pgf/frontendlayer/tikz
/libraries\tikzlibrarycalc.code.tex
File: tikzlibrarycalc.code.tex 2021/05/15 v3.1.9a (3.1.9a)
)
(C:\Users\Gergely\AppData\Roaming\MiKTeX\2.9\tex/generic/pgf/frontendlayer/tikz
/libraries\tikzlibrarypositioning.code.tex
File: tikzlibrarypositioning.code.tex 2021/05/15 v3.1.9a (3.1.9a)
)
(C:\Users\Gergely\AppData\Roaming\MiKTeX\2.9\tex/latex/xstring\xstring.sty
(C:\Users\Gergely\AppData\Roaming\MiKTeX\2.9\tex/generic/xstring\xstring.tex
\integerpart=\count335
\decimalpart=\count336
)
Package: xstring 2021/07/21 v1.84 String manipulations (CT)
)
(C:\Users\Gergely\AppData\Roaming\MiKTeX\2.9\tex/latex/l3packages/xparse\xparse
.sty (C:\Users\Gergely\AppData\Roaming\MiKTeX\2.9\tex/latex/l3kernel\expl3.sty
Package: expl3 2021-07-12 L3 programming layer (loader) 

(C:\Users\Gergely\AppData\Roaming\MiKTeX\2.9\tex/latex/l3backend\l3backend-pdft
ex.def
File: l3backend-pdftex.def 2021-08-04 L3 backend support: PDF output (pdfTeX)
\l__color_backend_stack_int=\count337
\l__pdf_internal_box=\box101
))
Package: xparse 2021-08-04 L3 Experimental document command parser
) (C:\Program Files\MiKTeX 2.9\tex/latex/eurosym\eurosym.sty
Package: eurosym 1998/08/06 v1.1 European currency symbol ``Euro''
\@eurobox=\box102
)
(C:\Users\Gergely\AppData\Roaming\MiKTeX\2.9\tex/latex/beamer\beamerthemeBoadil
la.sty
(C:\Users\Gergely\AppData\Roaming\MiKTeX\2.9\tex/latex/beamer\beamercolorthemer
ose.sty)
(C:\Users\Gergely\AppData\Roaming\MiKTeX\2.9\tex/latex/beamer\beamerinnerthemer
ounded.sty)
(C:\Users\Gergely\AppData\Roaming\MiKTeX\2.9\tex/latex/beamer\beamercolorthemed
olphin.sty)
(C:\Users\Gergely\AppData\Roaming\MiKTeX\2.9\tex/latex/beamer\beamerouterthemei
nfolines.sty)) (C:\Program Files\MiKTeX 2.9\tex/latex/overpic\overpic.sty
Package: overpic 2020/02/22 1.3 picture overlays (RN)

(C:\Users\Gergely\AppData\Roaming\MiKTeX\2.9\tex/latex/eepic\epic.sty
Enhancements to Picture Environment. Version 1.2 - Released June 1, 1986
\@@multicnt=\count338
\d@lta=\count339
\@delta=\dimen305
\@@delta=\dimen306
\@gridcnt=\count340
\@joinkind=\count341
\@dotgap=\dimen307
\@ddotgap=\dimen308
\@x@diff=\count342
\@y@diff=\count343
\x@diff=\dimen309
\y@diff=\dimen310
\@dotbox=\box103
\num@segments=\count344
\num@segmentsi=\count345
\@datafile=\read3
)
\OVP@box=\box104
)
(C:\Users\Gergely\AppData\Roaming\MiKTeX\2.9\tex/latex/tcolorbox\tcolorbox.sty
Package: tcolorbox 2021/06/14 version 4.51 text color boxes

(C:\Users\Gergely\AppData\Roaming\MiKTeX\2.9\tex/latex/tools\verbatim.sty
Package: verbatim 2020-07-07 v1.5u LaTeX2e package for verbatim enhancements
\every@verbatim=\toks48
\verbatim@line=\toks49
\verbatim@in@stream=\read4
)
(C:\Users\Gergely\AppData\Roaming\MiKTeX\2.9\tex/latex/environ\environ.sty
Package: environ 2014/05/04 v0.3 A new way to define environments

(C:\Users\Gergely\AppData\Roaming\MiKTeX\2.9\tex/latex/trimspaces\trimspaces.st
y
Package: trimspaces 2009/09/17 v1.1 Trim spaces around a token list
))
\tcb@titlebox=\box105
\tcb@upperbox=\box106
\tcb@lowerbox=\box107
\tcb@phantombox=\box108
\c@tcbbreakpart=\count346
\c@tcblayer=\count347
\c@tcolorbox@number=\count348
\tcb@temp=\box109
\tcb@temp=\box110
\tcb@temp=\box111
\tcb@temp=\box112

(C:\Users\Gergely\AppData\Roaming\MiKTeX\2.9\tex/latex/tcolorbox\tcbskins.code.
tex
Library (tcolorbox): 'tcbskins.code.tex' version '4.51'
\tcb@waterbox=\box113

(C:\Users\Gergely\AppData\Roaming\MiKTeX\2.9\tex/latex/tcolorbox\tcbskinsjigsaw
.code.tex
Library (tcolorbox): 'tcbskinsjigsaw.code.tex' version '4.51'
))) (C:\Program Files\MiKTeX 2.9\tex/latex/epstopdf-pkg\epstopdf.sty
Package: epstopdf 2020-01-24 v2.11 Conversion with epstopdf on the fly (HO)

(C:\Users\Gergely\AppData\Roaming\MiKTeX\2.9\tex/latex/grfext\grfext.sty
Package: grfext 2019/12/03 v1.3 Manage graphics extensions (HO)
)
(C:\Program Files\MiKTeX 2.9\tex/latex/epstopdf-pkg\epstopdf-base.sty
Package: epstopdf-base 2020-01-24 v2.11 Base part for package epstopdf
Package epstopdf-base Info: Redefining graphics rule for `.eps' on input line 4
85.
Package grfext Info: Graphics extension search list:
(grfext)             [.pdf,.png,.jpg,.mps,.jpeg,.jbig2,.jb2,.PDF,.PNG,.JPG,.JPE
G,.JBIG2,.JB2,.eps]
(grfext)             \AppendGraphicsExtensions on input line 504.

(C:\Program Files\MiKTeX 2.9\tex/latex/00miktex\epstopdf-sys.cfg
File: epstopdf-sys.cfg 2021/03/18 v2.0 Configuration of epstopdf for MiKTeX
)))
(C:\Users\Gergely\AppData\Roaming\MiKTeX\2.9\tex/latex/subfigure\subfigure.sty
Package: subfigure 2002/07/30 v2.1.4 subfigure package
\subfigtopskip=\skip64
\subfigcapskip=\skip65
\subfigcaptopadj=\dimen311
\subfigbottomskip=\skip66
\subfigcapmargin=\dimen312
\subfiglabelskip=\skip67
\c@subfigure=\count349
\c@lofdepth=\count350
\c@subtable=\count351
\c@lotdepth=\count352

****************************************
* Local config file subfigure.cfg used *
****************************************
(C:\Users\Gergely\AppData\Roaming\MiKTeX\2.9\tex/latex/subfigure\subfigure.cfg)
\subfig@top=\skip68
\subfig@bottom=\skip69
) (C:\Users\Gergely\AppData\Roaming\MiKTeX\2.9\tex/latex/tools\theorem.sty
Package: theorem 2014/10/28 v2.2c Theorem extension package (FMi)
\theorem@style=\toks50
\theorem@bodyfont=\toks51
\theorempreskipamount=\skip70
\theorempostskipamount=\skip71

(C:\Users\Gergely\AppData\Roaming\MiKTeX\2.9\tex/latex/tools\thp.sty
File: thp.sty 2014/10/28 v2.2c Theorem extension package (FMi)
))
(C:\Program Files\MiKTeX 2.9\tex/latex/graphics\epsfig.sty
Package: epsfig 2017/06/25 v1.7b (e)psfig emulation (SPQR)
\epsfxsize=\dimen313
\epsfysize=\dimen314
)
(C:\Program Files\MiKTeX 2.9\tex/latex/jknappen\mathrsfs.sty
Package: mathrsfs 1996/01/01 Math RSFS package v1.0 (jk)
\symrsfs=\mathgroup6
)
(C:\Program Files\MiKTeX 2.9\tex/latex/base\inputenc.sty
Package: inputenc 2021/02/14 v1.3d Input encoding file
\inpenc@prehook=\toks52
\inpenc@posthook=\toks53
)
(C:\Program Files\MiKTeX 2.9\tex/latex/base\fontenc.sty
Package: fontenc 2021/04/29 v2.0v Standard LaTeX package
)
(C:\Program Files\MiKTeX 2.9\tex/latex/psnfss\courier.sty
Package: courier 2020/03/25 PSNFSS-v9.3 (WaS) 
)
(C:\Users\Gergely\AppData\Roaming\MiKTeX\2.9\tex/latex/listings\listings.sty
\lst@mode=\count353
\lst@gtempboxa=\box114
\lst@token=\toks54
\lst@length=\count354
\lst@currlwidth=\dimen315
\lst@column=\count355
\lst@pos=\count356
\lst@lostspace=\dimen316
\lst@width=\dimen317
\lst@newlines=\count357
\lst@lineno=\count358
\lst@maxwidth=\dimen318

(C:\Users\Gergely\AppData\Roaming\MiKTeX\2.9\tex/latex/listings\lstmisc.sty
File: lstmisc.sty 2020/03/24 1.8d (Carsten Heinz)
\c@lstnumber=\count359
\lst@skipnumbers=\count360
\lst@framebox=\box115
)
(C:\Users\Gergely\AppData\Roaming\MiKTeX\2.9\tex/latex/listings\listings.cfg
File: listings.cfg 2020/03/24 1.8d listings configuration
))
Package: listings 2020/03/24 1.8d (Carsten Heinz)

(mcode.sty
-- Package: `mcode' 2.3 <2012/08/31> --
Package: mcode 2012/08/31 2.3
 - settings optimized for display (colour formating)
 - line numbering enabled
 - literate programming (character replacements) enabled
 - automatic line breaking enabled (careful, buggy!)
 - framed listings
\lbreakdots=\box116
LaTeX Font Info:    Trying to load font information for T1+pcr on input line 22
0.
(C:\Program Files\MiKTeX 2.9\tex/latex/psnfss\t1pcr.fd
File: t1pcr.fd 2001/06/04 font definitions for T1/pcr.
))
(C:\Users\Gergely\AppData\Roaming\MiKTeX\2.9\tex/latex/caption\caption.sty
Package: caption 2020/10/26 v3.5g Customizing captions (AR)

(C:\Users\Gergely\AppData\Roaming\MiKTeX\2.9\tex/latex/caption\caption3.sty
Package: caption3 2020/10/21 v2.2e caption3 kernel (AR)
\captionmargin=\dimen319
\captionmargin@=\dimen320
\captionwidth=\dimen321
\caption@tempdima=\dimen322
\caption@indent=\dimen323
\caption@parindent=\dimen324
\caption@hangindent=\dimen325
Package caption Info: beamer document class detected.

(C:\Users\Gergely\AppData\Roaming\MiKTeX\2.9\tex/latex/caption\caption-beamer.s
to
File: caption-beamer.sto 2020/08/22 v2.0 Adaption of the caption package to the
 beamer document classes (AR)
))
\c@caption@flags=\count361
\c@continuedfloat=\count362
Package caption Info: hyperref package is loaded.
Package caption Info: Hyperref support is turned off
(caption)             because hyperref has stopped early.
Package caption Info: listings package is loaded.
Package caption Info: subfigure package is loaded.
)) (C:\Users\Gergely\AppData\Roaming\MiKTeX\2.9\tex/latex/tools\xspace.sty
Package: xspace 2014/10/28 v1.13 Space after command names (DPC,MH)
) (C:\Program Files\MiKTeX 2.9\tex/generic/babel\babel.sty
Package: babel 2021/07/22 3.63 The Babel package

(C:\Program Files\MiKTeX 2.9\tex/generic/babel\babel.def
File: babel.def 2021/07/22 3.63 Babel common definitions
\babel@savecnt=\count363
\U@D=\dimen326
\l@unhyphenated=\language83

(C:\Program Files\MiKTeX 2.9\tex/generic/babel\txtbabel.def)
\bbl@readstream=\read5
)
LaTeX Info: Redefining \textlatin on input line 730.
\bbl@dirlevel=\count364

*************************************
* Local config file bblopts.cfg used
*
(C:\Users\Gergely\AppData\Roaming\MiKTeX\2.9\tex/latex/arabi\bblopts.cfg
File: bblopts.cfg 2005/09/08 v0.1 add Arabic and Farsi to "declared" options of
 babel
)
(C:\Users\Gergely\AppData\Roaming\MiKTeX\2.9\tex/latex/babel-slovak\slovak.ldf
Language: slovak 2008/07/06 v3.1a Slovak support from the babel system
Package babel Info: Making ^ an active character on input line 123.
Package babel Info: Making " an active character on input line 126.
Package babel Info: Making ' an active character on input line 129.
\cs@wordlen=\count365
Package babel Info: Making - an active character on input line 294.
)) (C:\Users\Gergely\AppData\Roaming\MiKTeX\2.9\tex/latex/biblatex\biblatex.sty
Package: biblatex 2020/12/31 v3.16 programmable bibliographies (PK/MW)

(C:\Users\Gergely\AppData\Roaming\MiKTeX\2.9\tex/latex/logreq\logreq.sty
Package: logreq 2010/08/04 v1.0 xml request logger
\lrq@indent=\count366

(C:\Users\Gergely\AppData\Roaming\MiKTeX\2.9\tex/latex/logreq\logreq.def
File: logreq.def 2010/08/04 v1.0 logreq spec v1.0
))
(C:\Program Files\MiKTeX 2.9\tex/latex/base\ifthen.sty
Package: ifthen 2020/11/24 v1.1c Standard LaTeX ifthen package (DPC)
)
\c@tabx@nest=\count367
\c@listtotal=\count368
\c@listcount=\count369
\c@liststart=\count370
\c@liststop=\count371
\c@citecount=\count372
\c@citetotal=\count373
\c@multicitecount=\count374
\c@multicitetotal=\count375
\c@instcount=\count376
\c@maxnames=\count377
\c@minnames=\count378
\c@maxitems=\count379
\c@minitems=\count380
\c@citecounter=\count381
\c@maxcitecounter=\count382
\c@savedcitecounter=\count383
\c@uniquelist=\count384
\c@uniquename=\count385
\c@refsection=\count386
\c@refsegment=\count387
\c@maxextratitle=\count388
\c@maxextratitleyear=\count389
\c@maxextraname=\count390
\c@maxextradate=\count391
\c@maxextraalpha=\count392
\c@abbrvpenalty=\count393
\c@highnamepenalty=\count394
\c@lownamepenalty=\count395
\c@maxparens=\count396
\c@parenlevel=\count397
\blx@tempcnta=\count398
\blx@tempcntb=\count399
\blx@tempcntc=\count400
\blx@maxsection=\count401
\blx@maxsegment@0=\count402
\blx@notetype=\count403
\blx@parenlevel@text=\count404
\blx@parenlevel@foot=\count405
\blx@sectionciteorder@0=\count406
\blx@entrysetcounter=\count407
\blx@biblioinstance=\count408
\labelnumberwidth=\skip72
\labelalphawidth=\skip73
\biblabelsep=\skip74
\bibitemsep=\skip75
\bibnamesep=\skip76
\bibinitsep=\skip77
\bibparsep=\skip78
\bibhang=\skip79
\blx@bcfin=\read6
\blx@bcfout=\write5
\blx@langwohyphens=\language84
\c@mincomprange=\count409
\c@maxcomprange=\count410
\c@mincompwidth=\count411
Package biblatex Info: Trying to load biblatex default data model...
Package biblatex Info: ... file 'blx-dm.def' found.

(C:\Users\Gergely\AppData\Roaming\MiKTeX\2.9\tex/latex/biblatex\blx-dm.def
File: blx-dm.def 2020/12/31 v3.16 biblatex localization (PK/MW)
)
Package biblatex Info: Trying to load biblatex citestyle data model...
Package biblatex Info: ... file 'authoryear.dbx' not found.
Package biblatex Info: Trying to load biblatex custom data model...
Package biblatex Info: ... file 'biblatex-dm.cfg' not found.
\c@afterword=\count412
\c@savedafterword=\count413
\c@annotator=\count414
\c@savedannotator=\count415
\c@author=\count416
\c@savedauthor=\count417
\c@bookauthor=\count418
\c@savedbookauthor=\count419
\c@commentator=\count420
\c@savedcommentator=\count421
\c@editor=\count422
\c@savededitor=\count423
\c@editora=\count424
\c@savededitora=\count425
\c@editorb=\count426
\c@savededitorb=\count427
\c@editorc=\count428
\c@savededitorc=\count429
\c@foreword=\count430
\c@savedforeword=\count431
\c@holder=\count432
\c@savedholder=\count433
\c@introduction=\count434
\c@savedintroduction=\count435
\c@namea=\count436
\c@savednamea=\count437
\c@nameb=\count438
\c@savednameb=\count439
\c@namec=\count440
\c@savednamec=\count441
\c@translator=\count442
\c@savedtranslator=\count443
\c@shortauthor=\count444
\c@savedshortauthor=\count445
\c@shorteditor=\count446
\c@savedshorteditor=\count447
\c@labelname=\count448
\c@savedlabelname=\count449
\c@institution=\count450
\c@savedinstitution=\count451
\c@lista=\count452
\c@savedlista=\count453
\c@listb=\count454
\c@savedlistb=\count455
\c@listc=\count456
\c@savedlistc=\count457
\c@listd=\count458
\c@savedlistd=\count459
\c@liste=\count460
\c@savedliste=\count461
\c@listf=\count462
\c@savedlistf=\count463
\c@location=\count464
\c@savedlocation=\count465
\c@organization=\count466
\c@savedorganization=\count467
\c@origlocation=\count468
\c@savedoriglocation=\count469
\c@origpublisher=\count470
\c@savedorigpublisher=\count471
\c@publisher=\count472
\c@savedpublisher=\count473
\c@language=\count474
\c@savedlanguage=\count475
\c@origlanguage=\count476
\c@savedoriglanguage=\count477
\c@pageref=\count478
\c@savedpageref=\count479
\shorthandwidth=\skip80
\shortjournalwidth=\skip81
\shortserieswidth=\skip82
\shorttitlewidth=\skip83
\shortauthorwidth=\skip84
\shorteditorwidth=\skip85
\locallabelnumberwidth=\skip86
\locallabelalphawidth=\skip87
\localshorthandwidth=\skip88
\localshortjournalwidth=\skip89
\localshortserieswidth=\skip90
\localshorttitlewidth=\skip91
\localshortauthorwidth=\skip92
\localshorteditorwidth=\skip93
Package biblatex Info: Trying to load compatibility code...
Package biblatex Info: ... file 'blx-compat.def' found.

(C:\Users\Gergely\AppData\Roaming\MiKTeX\2.9\tex/latex/biblatex\blx-compat.def
File: blx-compat.def 2020/12/31 v3.16 biblatex compatibility (PK/MW)
)
Package biblatex Info: Trying to load generic definitions...
Package biblatex Info: ... file 'biblatex.def' found.
(C:\Users\Gergely\AppData\Roaming\MiKTeX\2.9\tex/latex/biblatex\biblatex.def
File: biblatex.def 2020/12/31 v3.16 biblatex compatibility (PK/MW)
\c@textcitecount=\count480
\c@textcitetotal=\count481
\c@textcitemaxnames=\count482
\c@biburlbigbreakpenalty=\count483
\c@biburlbreakpenalty=\count484
\c@biburlnumpenalty=\count485
\c@biburlucpenalty=\count486
\c@biburllcpenalty=\count487
\biburlbigskip=\muskip18
\biburlnumskip=\muskip19
\biburlucskip=\muskip20
\biburllcskip=\muskip21
\c@smartand=\count488
)
Package biblatex Info: Trying to load bibliography style 'numeric'...
Package biblatex Info: ... file 'numeric.bbx' found.

(C:\Users\Gergely\AppData\Roaming\MiKTeX\2.9\tex/latex/biblatex/bbx\numeric.bbx
File: numeric.bbx 2020/12/31 v3.16 biblatex bibliography style (PK/MW)
Package biblatex Info: Trying to load bibliography style 'standard'...
Package biblatex Info: ... file 'standard.bbx' found.

(C:\Users\Gergely\AppData\Roaming\MiKTeX\2.9\tex/latex/biblatex/bbx\standard.bb
x
File: standard.bbx 2020/12/31 v3.16 biblatex bibliography style (PK/MW)
\c@bbx:relatedcount=\count489
\c@bbx:relatedtotal=\count490
))
Package biblatex Info: Trying to load citation style 'authoryear'...
Package biblatex Info: ... file 'authoryear.cbx' found.

(C:\Users\Gergely\AppData\Roaming\MiKTeX\2.9\tex/latex/biblatex/cbx\authoryear.
cbx
File: authoryear.cbx 2020/12/31 v3.16 biblatex citation style (PK/MW)
Package biblatex Info: Redefining '\cite'.
Package biblatex Info: Redefining '\parencite'.
Package biblatex Info: Redefining '\footcite'.
Package biblatex Info: Redefining '\footcitetext'.
Package biblatex Info: Redefining '\smartcite'.
Package biblatex Info: Redefining '\textcite'.
Package biblatex Info: Redefining '\textcites'.
)
Package biblatex Info: Trying to load configuration file...
Package biblatex Info: ... file 'biblatex.cfg' found.

(C:\Users\Gergely\AppData\Roaming\MiKTeX\2.9\tex/latex/biblatex\biblatex.cfg
File: biblatex.cfg 
))

Package hyperref Warning: Token not allowed in a PDF string (Unicode):
(hyperref)                removing `\new@ifnextchar' on input line 22.


Package biblatex Warning: 'babel/polyglossia' detected but 'csquotes' missing.
(biblatex)                Loading 'csquotes' recommended.

\@quotelevel=\count491
\@quotereset=\count492
(mypresentation.aux)
\openout1 = `mypresentation.aux'.

LaTeX Font Info:    Checking defaults for OML/cmm/m/it on input line 22.
LaTeX Font Info:    ... okay on input line 22.
LaTeX Font Info:    Checking defaults for OMS/cmsy/m/n on input line 22.
LaTeX Font Info:    ... okay on input line 22.
LaTeX Font Info:    Checking defaults for OT1/cmr/m/n on input line 22.
LaTeX Font Info:    ... okay on input line 22.
LaTeX Font Info:    Checking defaults for T1/cmr/m/n on input line 22.
LaTeX Font Info:    ... okay on input line 22.
LaTeX Font Info:    Checking defaults for TS1/cmr/m/n on input line 22.
LaTeX Font Info:    ... okay on input line 22.
LaTeX Font Info:    Checking defaults for OMX/cmex/m/n on input line 22.
LaTeX Font Info:    ... okay on input line 22.
LaTeX Font Info:    Checking defaults for U/cmr/m/n on input line 22.
LaTeX Font Info:    ... okay on input line 22.
LaTeX Font Info:    Checking defaults for PD1/pdf/m/n on input line 22.
LaTeX Font Info:    ... okay on input line 22.
LaTeX Font Info:    Checking defaults for PU/pdf/m/n on input line 22.
LaTeX Font Info:    ... okay on input line 22.

*geometry* driver: auto-detecting
*geometry* detected driver: pdftex
*geometry* verbose mode - [ preamble ] result:
* driver: pdftex
* paper: custom
* layout: <same size as paper>
* layoutoffset:(h,v)=(0.0pt,0.0pt)
* modes: includehead includefoot 
* h-part:(L,W,R)=(10.95003pt, 342.2953pt, 10.95003pt)
* v-part:(T,H,B)=(0.0pt, 273.14662pt, 0.0pt)
* \paperwidth=364.19536pt
* \paperheight=273.14662pt
* \textwidth=342.2953pt
* \textheight=244.6939pt
* \oddsidemargin=-61.31996pt
* \evensidemargin=-61.31996pt
* \topmargin=-72.26999pt
* \headheight=14.22636pt
* \headsep=0.0pt
* \topskip=11.0pt
* \footskip=14.22636pt
* \marginparwidth=4.0pt
* \marginparsep=10.0pt
* \columnsep=10.0pt
* \skip\footins=10.0pt plus 4.0pt minus 2.0pt
* \hoffset=0.0pt
* \voffset=0.0pt
* \mag=1000
* \@twocolumnfalse
* \@twosidefalse
* \@mparswitchfalse
* \@reversemarginfalse
* (1in=72.27pt=25.4mm, 1cm=28.453pt)


(C:\Users\Gergely\AppData\Roaming\MiKTeX\2.9\tex/context/base/mkii\supp-pdf.mki
i
[Loading MPS to PDF converter (version 2006.09.02).]
\scratchcounter=\count493
\scratchdimen=\dimen327
\scratchbox=\box117
\nofMPsegments=\count494
\nofMParguments=\count495
\everyMPshowfont=\toks55
\MPscratchCnt=\count496
\MPscratchDim=\dimen328
\MPnumerator=\count497
\makeMPintoPDFobject=\count498
\everyMPtoPDFconversion=\toks56
)
Package hyperref Info: Link coloring OFF on input line 22.
 (C:\Program Files\MiKTeX 2.9\tex/latex/hyperref\nameref.sty
Package: nameref 2021-04-02 v2.47 Cross-referencing by name of section

(C:\Users\Gergely\AppData\Roaming\MiKTeX\2.9\tex/latex/refcount\refcount.sty
Package: refcount 2019/12/15 v3.6 Data extraction from label references (HO)
)
(C:\Users\Gergely\AppData\Roaming\MiKTeX\2.9\tex/generic/gettitlestring\gettitl
estring.sty
Package: gettitlestring 2019/12/15 v1.6 Cleanup title references (HO)
)
\c@section@level=\count499
)
LaTeX Info: Redefining \ref on input line 22.
LaTeX Info: Redefining \pageref on input line 22.
LaTeX Info: Redefining \nameref on input line 22.
 (mypresentation.out) (mypresentation.out)
\@outlinefile=\write6
\openout6 = `mypresentation.out'.

LaTeX Font Info:    Overwriting symbol font `operators' in version `normal'
(Font)                  OT1/cmr/m/n --> OT1/cmss/m/n on input line 22.
LaTeX Font Info:    Overwriting symbol font `operators' in version `bold'
(Font)                  OT1/cmr/bx/n --> OT1/cmss/b/n on input line 22.
\symnumbers=\mathgroup7
\sympureletters=\mathgroup8
LaTeX Font Info:    Overwriting math alphabet `\mathrm' in version `normal'
(Font)                  OT1/cmss/m/n --> T1/cmr/m/n on input line 22.
LaTeX Font Info:    Redeclaring math alphabet \mathbf on input line 22.
LaTeX Font Info:    Overwriting math alphabet `\mathbf' in version `normal'
(Font)                  OT1/cmr/bx/n --> T1/cmss/b/n on input line 22.
LaTeX Font Info:    Overwriting math alphabet `\mathbf' in version `bold'
(Font)                  OT1/cmr/bx/n --> T1/cmss/b/n on input line 22.
LaTeX Font Info:    Redeclaring math alphabet \mathsf on input line 22.
LaTeX Font Info:    Overwriting math alphabet `\mathsf' in version `normal'
(Font)                  OT1/cmss/m/n --> T1/cmss/m/n on input line 22.
LaTeX Font Info:    Overwriting math alphabet `\mathsf' in version `bold'
(Font)                  OT1/cmss/bx/n --> T1/cmss/m/n on input line 22.
LaTeX Font Info:    Redeclaring math alphabet \mathit on input line 22.
LaTeX Font Info:    Overwriting math alphabet `\mathit' in version `normal'
(Font)                  OT1/cmr/m/it --> T1/cmss/m/it on input line 22.
LaTeX Font Info:    Overwriting math alphabet `\mathit' in version `bold'
(Font)                  OT1/cmr/bx/it --> T1/cmss/m/it on input line 22.
LaTeX Font Info:    Redeclaring math alphabet \mathtt on input line 22.
LaTeX Font Info:    Overwriting math alphabet `\mathtt' in version `normal'
(Font)                  OT1/cmtt/m/n --> T1/pcr/m/n on input line 22.
LaTeX Font Info:    Overwriting math alphabet `\mathtt' in version `bold'
(Font)                  OT1/cmtt/m/n --> T1/pcr/m/n on input line 22.
LaTeX Font Info:    Overwriting symbol font `numbers' in version `bold'
(Font)                  T1/cmss/m/n --> T1/cmss/b/n on input line 22.
LaTeX Font Info:    Overwriting symbol font `pureletters' in version `bold'
(Font)                  T1/cmss/m/it --> T1/cmss/b/it on input line 22.
LaTeX Font Info:    Overwriting math alphabet `\mathrm' in version `bold'
(Font)                  OT1/cmss/b/n --> T1/cmr/b/n on input line 22.
LaTeX Font Info:    Overwriting math alphabet `\mathbf' in version `bold'
(Font)                  T1/cmss/b/n --> T1/cmss/b/n on input line 22.
LaTeX Font Info:    Overwriting math alphabet `\mathsf' in version `bold'
(Font)                  T1/cmss/m/n --> T1/cmss/b/n on input line 22.
LaTeX Font Info:    Overwriting math alphabet `\mathit' in version `bold'
(Font)                  T1/cmss/m/it --> T1/cmss/b/it on input line 22.
LaTeX Font Info:    Overwriting math alphabet `\mathtt' in version `bold'
(Font)                  T1/pcr/m/n --> T1/pcr/b/n on input line 22.
LaTeX Font Info:    Redeclaring symbol font `pureletters' on input line 22.
LaTeX Font Info:    Encoding `T1' has changed to `OT1' for symbol font
(Font)              `pureletters' in the math version `normal' on input line 22
.
LaTeX Font Info:    Overwriting symbol font `pureletters' in version `normal'
(Font)                  T1/cmss/m/it --> OT1/mathkerncmss/m/sl on input line 22
.
LaTeX Font Info:    Encoding `T1' has changed to `OT1' for symbol font
(Font)              `pureletters' in the math version `bold' on input line 22.
LaTeX Font Info:    Overwriting symbol font `pureletters' in version `bold'
(Font)                  T1/cmss/b/it --> OT1/mathkerncmss/m/sl on input line 22
.
LaTeX Font Info:    Overwriting symbol font `pureletters' in version `bold'
(Font)                  OT1/mathkerncmss/m/sl --> OT1/mathkerncmss/bx/sl on inp
ut line 22.

(C:\Users\Gergely\AppData\Roaming\MiKTeX\2.9\tex/latex/translator\translator-ba
sic-dictionary-English.dict
Dictionary: translator-basic-dictionary, Language: English 
)
(C:\Users\Gergely\AppData\Roaming\MiKTeX\2.9\tex/latex/translator\translator-bi
bliography-dictionary-English.dict
Dictionary: translator-bibliography-dictionary, Language: English 
)
(C:\Users\Gergely\AppData\Roaming\MiKTeX\2.9\tex/latex/translator\translator-en
vironment-dictionary-English.dict
Dictionary: translator-environment-dictionary, Language: English 
)
(C:\Users\Gergely\AppData\Roaming\MiKTeX\2.9\tex/latex/translator\translator-mo
nths-dictionary-English.dict
Dictionary: translator-months-dictionary, Language: English 
)
(C:\Users\Gergely\AppData\Roaming\MiKTeX\2.9\tex/latex/translator\translator-nu
mbers-dictionary-English.dict
Dictionary: translator-numbers-dictionary, Language: English 
)
(C:\Users\Gergely\AppData\Roaming\MiKTeX\2.9\tex/latex/translator\translator-th
eorem-dictionary-English.dict
Dictionary: translator-theorem-dictionary, Language: English 
)
\c@lstlisting=\count500
Package caption Info: Begin \AtBeginDocument code.
Package caption Info: End \AtBeginDocument code.
Package biblatex Info: Trying to load language 'slovak'...
Package biblatex Info: ... file 'slovak.lbx' found.

(C:\Users\Gergely\AppData\Roaming\MiKTeX\2.9\tex/latex/biblatex/lbx\slovak.lbx
File: slovak.lbx 2020/12/31 v3.16 biblatex localization (PK/MW)
)
Package biblatex Info: Input encoding 'utf8' detected.
Package biblatex Info: Automatic encoding selection.
(biblatex)             Assuming data encoding 'utf8'.
Package biblatex Info: Document encoding is UTF8 ....
Package biblatex Info: ... and expl3
(biblatex)             2021-07-12 L3 programming layer (loader) 
(biblatex)             is new enough (at least 2020/04/06),
(biblatex)             setting 'casechanger=expl3'.

(C:\Users\Gergely\AppData\Roaming\MiKTeX\2.9\tex/latex/biblatex\blx-case-expl3.
sty
Package: blx-case-expl3 2020/12/31 v3.16 expl3 case changing code for biblatex
)
\openout5 = `mypresentation.bcf'.

Package biblatex Info: Trying to load bibliographic data...
Package biblatex Info: ... file 'mypresentation.bbl' found.
 (mypresentation.bbl)
Package biblatex Info: Reference section=0 on input line 22.
Package biblatex Info: Reference segment=0 on input line 22.
 (mypresentation.nav)
Package epstopdf Info: Source file: <./figs//footer_SK_STU.eps>
(epstopdf)                    date: 2019-05-09 05:38:28
(epstopdf)                    size: 1271850 bytes
(epstopdf)             Output file: <./figs//footer_SK_STU-eps-converted-to.pdf
>
(epstopdf)                    date: 2021-11-24 09:10:42
(epstopdf)                    size: 10106 bytes
(epstopdf)             Command: <miktex-epstopdf --outfile=./figs//footer_SK_ST
U-eps-converted-to.pdf ./figs//footer_SK_STU.eps>
(epstopdf)             \includegraphics on input line 22.
Package epstopdf Info: Output file is already uptodate.


pdfTeX warning: pdflatex.exe (file ./figs//footer_SK_STU-eps-converted-to.pdf):
 PDF inclusion: found PDF version <1.7>, but at most version <1.5> allowed
<./figs//footer_SK_STU-eps-converted-to.pdf, id=17, 892.33376pt x 59.22125pt>
File: ./figs//footer_SK_STU-eps-converted-to.pdf Graphic file (type pdf)
<use ./figs//footer_SK_STU-eps-converted-to.pdf>
Package pdftex.def Info: ./figs//footer_SK_STU-eps-converted-to.pdf  used on in
put line 22.
(pdftex.def)             Requested size: 107.17073pt x 7.11317pt.
<./figs//urkLogo.png, id=18, 246.30795pt x 79.15286pt>
File: ./figs//urkLogo.png Graphic file (type png)
<use ./figs//urkLogo.png>
Package pdftex.def Info: ./figs//urkLogo.png  used on input line 23.
(pdftex.def)             Requested size: 88.53925pt x 28.45274pt.
Package epstopdf Info: Source file: <./figs//stu.eps>
(epstopdf)                    date: 2017-06-30 14:58:54
(epstopdf)                    size: 5781478 bytes
(epstopdf)             Output file: <./figs//stu-eps-converted-to.pdf>
(epstopdf)                    date: 2018-04-13 09:16:16
(epstopdf)                    size: 10973 bytes
(epstopdf)             Command: <miktex-epstopdf --outfile=./figs//stu-eps-conv
erted-to.pdf ./figs//stu.eps>
(epstopdf)             \includegraphics on input line 23.
Package epstopdf Info: Output file is already uptodate.
<./figs//stu-eps-converted-to.pdf, id=20, 2569.6pt x 1445.4pt>
File: ./figs//stu-eps-converted-to.pdf Graphic file (type pdf)
<use ./figs//stu-eps-converted-to.pdf>
Package pdftex.def Info: ./figs//stu-eps-converted-to.pdf  used on input line 2
3.
(pdftex.def)             Requested size: 151.73839pt x 85.35826pt.
[1

{C:/Users/Gergely/AppData/Local/MiKTeX/2.9/pdftex/config/pdftex.map} <./figs//u
rkLogo.png> <./figs//stu-eps-converted-to.pdf>] (_02_PID_Angle.tex
LaTeX Font Info:    Trying to load font information for U+msa on input line 9.

(C:\Program Files\MiKTeX 2.9\tex/latex/amsfonts\umsa.fd
File: umsa.fd 2013/01/14 v3.01 AMS symbols A
)
LaTeX Font Info:    Trying to load font information for U+msb on input line 9.

(C:\Program Files\MiKTeX 2.9\tex/latex/amsfonts\umsb.fd
File: umsb.fd 2013/01/14 v3.01 AMS symbols B
)
LaTeX Font Info:    Trying to load font information for U+rsfs on input line 9.


(C:\Program Files\MiKTeX 2.9\tex/latex/jknappen\ursfs.fd
File: ursfs.fd 1998/03/24 rsfs font definition file (jk)
)
LaTeX Font Info:    Trying to load font information for OT1+mathkerncmss on inp
ut line 9.

(C:\Users\Gergely\AppData\Roaming\MiKTeX\2.9\tex/latex/sansmathaccent\ot1mathke
rncmss.fd
File: ot1mathkerncmss.fd 2020/01/31 Fontinst v1.933 font definitions for OT1/ma
thkerncmss.
)
<./figs//urkLogoWhite.png, id=52, 246.30795pt x 79.15286pt>
File: ./figs//urkLogoWhite.png Graphic file (type png)
<use ./figs//urkLogoWhite.png>
Package pdftex.def Info: ./figs//urkLogoWhite.png  used on input line 9.
(pdftex.def)             Requested size: 44.26962pt x 14.22636pt.

Overfull \hbox (4.5736pt too wide) in paragraph at lines 9--9
[][][][][]  
 []

Package epstopdf Info: Source file: <./figs//footer_SK_STU.eps>
(epstopdf)                    date: 2019-05-09 05:38:28
(epstopdf)                    size: 1271850 bytes
(epstopdf)             Output file: <./figs//footer_SK_STU-eps-converted-to.pdf
>
(epstopdf)                    date: 2021-11-24 09:10:42
(epstopdf)                    size: 10106 bytes
(epstopdf)             Command: <miktex-epstopdf --outfile=./figs//footer_SK_ST
U-eps-converted-to.pdf ./figs//footer_SK_STU.eps>
(epstopdf)             \includegraphics on input line 9.
Package epstopdf Info: Output file is already uptodate.
File: ./figs//footer_SK_STU-eps-converted-to.pdf Graphic file (type pdf)
<use ./figs//footer_SK_STU-eps-converted-to.pdf>
Package pdftex.def Info: ./figs//footer_SK_STU-eps-converted-to.pdf  used on in
put line 9.
(pdftex.def)             Requested size: 107.17073pt x 7.11317pt.
[2

 <./figs//urkLogoWhite.png> <./figs//footer_SK_STU-eps-converted-to.pdf>]
File: ./figs//urkLogoWhite.png Graphic file (type png)
<use ./figs//urkLogoWhite.png>
Package pdftex.def Info: ./figs//urkLogoWhite.png  used on input line 9.
(pdftex.def)             Requested size: 44.26962pt x 14.22636pt.

Overfull \hbox (4.5736pt too wide) in paragraph at lines 9--9
[][][][][]  
 []

Package epstopdf Info: Source file: <./figs//footer_SK_STU.eps>
(epstopdf)                    date: 2019-05-09 05:38:28
(epstopdf)                    size: 1271850 bytes
(epstopdf)             Output file: <./figs//footer_SK_STU-eps-converted-to.pdf
>
(epstopdf)                    date: 2021-11-24 09:10:42
(epstopdf)                    size: 10106 bytes
(epstopdf)             Command: <miktex-epstopdf --outfile=./figs//footer_SK_ST
U-eps-converted-to.pdf ./figs//footer_SK_STU.eps>
(epstopdf)             \includegraphics on input line 9.
Package epstopdf Info: Output file is already uptodate.
File: ./figs//footer_SK_STU-eps-converted-to.pdf Graphic file (type pdf)
<use ./figs//footer_SK_STU-eps-converted-to.pdf>
Package pdftex.def Info: ./figs//footer_SK_STU-eps-converted-to.pdf  used on in
put line 9.
(pdftex.def)             Requested size: 107.17073pt x 7.11317pt.
[3

]
File: ./figs//urkLogoWhite.png Graphic file (type png)
<use ./figs//urkLogoWhite.png>
Package pdftex.def Info: ./figs//urkLogoWhite.png  used on input line 9.
(pdftex.def)             Requested size: 44.26962pt x 14.22636pt.

Overfull \hbox (4.5736pt too wide) in paragraph at lines 9--9
[][][][][]  
 []

Package epstopdf Info: Source file: <./figs//footer_SK_STU.eps>
(epstopdf)                    date: 2019-05-09 05:38:28
(epstopdf)                    size: 1271850 bytes
(epstopdf)             Output file: <./figs//footer_SK_STU-eps-converted-to.pdf
>
(epstopdf)                    date: 2021-11-24 09:10:42
(epstopdf)                    size: 10106 bytes
(epstopdf)             Command: <miktex-epstopdf --outfile=./figs//footer_SK_ST
U-eps-converted-to.pdf ./figs//footer_SK_STU.eps>
(epstopdf)             \includegraphics on input line 9.
Package epstopdf Info: Output file is already uptodate.
File: ./figs//footer_SK_STU-eps-converted-to.pdf Graphic file (type pdf)
<use ./figs//footer_SK_STU-eps-converted-to.pdf>
Package pdftex.def Info: ./figs//footer_SK_STU-eps-converted-to.pdf  used on in
put line 9.
(pdftex.def)             Requested size: 107.17073pt x 7.11317pt.
[4

]
File: ./figs//urkLogoWhite.png Graphic file (type png)
<use ./figs//urkLogoWhite.png>
Package pdftex.def Info: ./figs//urkLogoWhite.png  used on input line 9.
(pdftex.def)             Requested size: 44.26962pt x 14.22636pt.

Overfull \hbox (4.5736pt too wide) in paragraph at lines 9--9
[][][][][]  
 []

Package epstopdf Info: Source file: <./figs//footer_SK_STU.eps>
(epstopdf)                    date: 2019-05-09 05:38:28
(epstopdf)                    size: 1271850 bytes
(epstopdf)             Output file: <./figs//footer_SK_STU-eps-converted-to.pdf
>
(epstopdf)                    date: 2021-11-24 09:10:42
(epstopdf)                    size: 10106 bytes
(epstopdf)             Command: <miktex-epstopdf --outfile=./figs//footer_SK_ST
U-eps-converted-to.pdf ./figs//footer_SK_STU.eps>
(epstopdf)             \includegraphics on input line 9.
Package epstopdf Info: Output file is already uptodate.
File: ./figs//footer_SK_STU-eps-converted-to.pdf Graphic file (type pdf)
<use ./figs//footer_SK_STU-eps-converted-to.pdf>
Package pdftex.def Info: ./figs//footer_SK_STU-eps-converted-to.pdf  used on in
put line 9.
(pdftex.def)             Requested size: 107.17073pt x 7.11317pt.
[5

]
File: ./figs//urkLogoWhite.png Graphic file (type png)
<use ./figs//urkLogoWhite.png>
Package pdftex.def Info: ./figs//urkLogoWhite.png  used on input line 9.
(pdftex.def)             Requested size: 44.26962pt x 14.22636pt.

Overfull \hbox (4.5736pt too wide) in paragraph at lines 9--9
[][][][][]  
 []

Package epstopdf Info: Source file: <./figs//footer_SK_STU.eps>
(epstopdf)                    date: 2019-05-09 05:38:28
(epstopdf)                    size: 1271850 bytes
(epstopdf)             Output file: <./figs//footer_SK_STU-eps-converted-to.pdf
>
(epstopdf)                    date: 2021-11-24 09:10:42
(epstopdf)                    size: 10106 bytes
(epstopdf)             Command: <miktex-epstopdf --outfile=./figs//footer_SK_ST
U-eps-converted-to.pdf ./figs//footer_SK_STU.eps>
(epstopdf)             \includegraphics on input line 9.
Package epstopdf Info: Output file is already uptodate.
File: ./figs//footer_SK_STU-eps-converted-to.pdf Graphic file (type pdf)
<use ./figs//footer_SK_STU-eps-converted-to.pdf>
Package pdftex.def Info: ./figs//footer_SK_STU-eps-converted-to.pdf  used on in
put line 9.
(pdftex.def)             Requested size: 107.17073pt x 7.11317pt.
[6

]
<./figs//PID_HighLevel1a.pdf, id=113, 752.945pt x 111.35301pt>
File: ./figs//PID_HighLevel1a.pdf Graphic file (type pdf)
<use ./figs//PID_HighLevel1a.pdf>
Package pdftex.def Info: ./figs//PID_HighLevel1a.pdf  used on input line 35.
(pdftex.def)             Requested size: 342.2953pt x 50.6215pt.
<./figs//PID_HighLevel1b.pdf, id=114, 752.945pt x 111.35301pt>
File: ./figs//PID_HighLevel1b.pdf Graphic file (type pdf)
<use ./figs//PID_HighLevel1b.pdf>
Package pdftex.def Info: ./figs//PID_HighLevel1b.pdf  used on input line 35.
(pdftex.def)             Requested size: 342.2953pt x 50.6215pt.
File: ./figs//urkLogoWhite.png Graphic file (type png)
<use ./figs//urkLogoWhite.png>
Package pdftex.def Info: ./figs//urkLogoWhite.png  used on input line 35.
(pdftex.def)             Requested size: 44.26962pt x 14.22636pt.

Overfull \hbox (4.5736pt too wide) in paragraph at lines 35--35
[][][][][]  
 []

Package epstopdf Info: Source file: <./figs//footer_SK_STU.eps>
(epstopdf)                    date: 2019-05-09 05:38:28
(epstopdf)                    size: 1271850 bytes
(epstopdf)             Output file: <./figs//footer_SK_STU-eps-converted-to.pdf
>
(epstopdf)                    date: 2021-11-24 09:10:42
(epstopdf)                    size: 10106 bytes
(epstopdf)             Command: <miktex-epstopdf --outfile=./figs//footer_SK_ST
U-eps-converted-to.pdf ./figs//footer_SK_STU.eps>
(epstopdf)             \includegraphics on input line 35.
Package epstopdf Info: Output file is already uptodate.
File: ./figs//footer_SK_STU-eps-converted-to.pdf Graphic file (type pdf)
<use ./figs//footer_SK_STU-eps-converted-to.pdf>
Package pdftex.def Info: ./figs//footer_SK_STU-eps-converted-to.pdf  used on in
put line 35.
(pdftex.def)             Requested size: 107.17073pt x 7.11317pt.
[7

 <./figs//PID_HighLevel1a.pdf>]
File: ./figs//PID_HighLevel1a.pdf Graphic file (type pdf)
<use ./figs//PID_HighLevel1a.pdf>
Package pdftex.def Info: ./figs//PID_HighLevel1a.pdf  used on input line 35.
(pdftex.def)             Requested size: 342.2953pt x 50.6215pt.
File: ./figs//PID_HighLevel1b.pdf Graphic file (type pdf)
<use ./figs//PID_HighLevel1b.pdf>
Package pdftex.def Info: ./figs//PID_HighLevel1b.pdf  used on input line 35.
(pdftex.def)             Requested size: 342.2953pt x 50.6215pt.
File: ./figs//urkLogoWhite.png Graphic file (type png)
<use ./figs//urkLogoWhite.png>
Package pdftex.def Info: ./figs//urkLogoWhite.png  used on input line 35.
(pdftex.def)             Requested size: 44.26962pt x 14.22636pt.

Overfull \hbox (4.5736pt too wide) in paragraph at lines 35--35
[][][][][]  
 []

Package epstopdf Info: Source file: <./figs//footer_SK_STU.eps>
(epstopdf)                    date: 2019-05-09 05:38:28
(epstopdf)                    size: 1271850 bytes
(epstopdf)             Output file: <./figs//footer_SK_STU-eps-converted-to.pdf
>
(epstopdf)                    date: 2021-11-24 09:10:42
(epstopdf)                    size: 10106 bytes
(epstopdf)             Command: <miktex-epstopdf --outfile=./figs//footer_SK_ST
U-eps-converted-to.pdf ./figs//footer_SK_STU.eps>
(epstopdf)             \includegraphics on input line 35.
Package epstopdf Info: Output file is already uptodate.
File: ./figs//footer_SK_STU-eps-converted-to.pdf Graphic file (type pdf)
<use ./figs//footer_SK_STU-eps-converted-to.pdf>
Package pdftex.def Info: ./figs//footer_SK_STU-eps-converted-to.pdf  used on in
put line 35.
(pdftex.def)             Requested size: 107.17073pt x 7.11317pt.
[8

 <./figs//PID_HighLevel1b.pdf>]
<./figs//ATT_Angle.pdf, id=207, 626.5839pt x 150.65384pt>
File: ./figs//ATT_Angle.pdf Graphic file (type pdf)
<use ./figs//ATT_Angle.pdf>
Package pdftex.def Info: ./figs//ATT_Angle.pdf  used on input line 62.
(pdftex.def)             Requested size: 342.2953pt x 82.30125pt.
<./figs//ATT_Angle2.pdf, id=208, 626.5839pt x 204.3645pt>
File: ./figs//ATT_Angle2.pdf Graphic file (type pdf)
<use ./figs//ATT_Angle2.pdf>
Package pdftex.def Info: ./figs//ATT_Angle2.pdf  used on input line 62.
(pdftex.def)             Requested size: 342.2953pt x 111.64305pt.
File: ./figs//urkLogoWhite.png Graphic file (type png)
<use ./figs//urkLogoWhite.png>
Package pdftex.def Info: ./figs//urkLogoWhite.png  used on input line 62.
(pdftex.def)             Requested size: 44.26962pt x 14.22636pt.

Overfull \hbox (4.5736pt too wide) in paragraph at lines 62--62
[][][][][]  
 []

Package epstopdf Info: Source file: <./figs//footer_SK_STU.eps>
(epstopdf)                    date: 2019-05-09 05:38:28
(epstopdf)                    size: 1271850 bytes
(epstopdf)             Output file: <./figs//footer_SK_STU-eps-converted-to.pdf
>
(epstopdf)                    date: 2021-11-24 09:10:42
(epstopdf)                    size: 10106 bytes
(epstopdf)             Command: <miktex-epstopdf --outfile=./figs//footer_SK_ST
U-eps-converted-to.pdf ./figs//footer_SK_STU.eps>
(epstopdf)             \includegraphics on input line 62.
Package epstopdf Info: Output file is already uptodate.
File: ./figs//footer_SK_STU-eps-converted-to.pdf Graphic file (type pdf)
<use ./figs//footer_SK_STU-eps-converted-to.pdf>
Package pdftex.def Info: ./figs//footer_SK_STU-eps-converted-to.pdf  used on in
put line 62.
(pdftex.def)             Requested size: 107.17073pt x 7.11317pt.
[9

]
File: ./figs//ATT_Angle.pdf Graphic file (type pdf)
<use ./figs//ATT_Angle.pdf>
Package pdftex.def Info: ./figs//ATT_Angle.pdf  used on input line 62.
(pdftex.def)             Requested size: 342.2953pt x 82.30125pt.
File: ./figs//ATT_Angle2.pdf Graphic file (type pdf)
<use ./figs//ATT_Angle2.pdf>
Package pdftex.def Info: ./figs//ATT_Angle2.pdf  used on input line 62.
(pdftex.def)             Requested size: 342.2953pt x 111.64305pt.
File: ./figs//urkLogoWhite.png Graphic file (type png)
<use ./figs//urkLogoWhite.png>
Package pdftex.def Info: ./figs//urkLogoWhite.png  used on input line 62.
(pdftex.def)             Requested size: 44.26962pt x 14.22636pt.

Overfull \hbox (4.5736pt too wide) in paragraph at lines 62--62
[][][][][]  
 []

Package epstopdf Info: Source file: <./figs//footer_SK_STU.eps>
(epstopdf)                    date: 2019-05-09 05:38:28
(epstopdf)                    size: 1271850 bytes
(epstopdf)             Output file: <./figs//footer_SK_STU-eps-converted-to.pdf
>
(epstopdf)                    date: 2021-11-24 09:10:42
(epstopdf)                    size: 10106 bytes
(epstopdf)             Command: <miktex-epstopdf --outfile=./figs//footer_SK_ST
U-eps-converted-to.pdf ./figs//footer_SK_STU.eps>
(epstopdf)             \includegraphics on input line 62.
Package epstopdf Info: Output file is already uptodate.
File: ./figs//footer_SK_STU-eps-converted-to.pdf Graphic file (type pdf)
<use ./figs//footer_SK_STU-eps-converted-to.pdf>
Package pdftex.def Info: ./figs//footer_SK_STU-eps-converted-to.pdf  used on in
put line 62.
(pdftex.def)             Requested size: 107.17073pt x 7.11317pt.
[10

 <./figs//ATT_Angle.pdf>]
File: ./figs//ATT_Angle.pdf Graphic file (type pdf)
<use ./figs//ATT_Angle.pdf>
Package pdftex.def Info: ./figs//ATT_Angle.pdf  used on input line 62.
(pdftex.def)             Requested size: 342.2953pt x 82.30125pt.
File: ./figs//ATT_Angle2.pdf Graphic file (type pdf)
<use ./figs//ATT_Angle2.pdf>
Package pdftex.def Info: ./figs//ATT_Angle2.pdf  used on input line 62.
(pdftex.def)             Requested size: 342.2953pt x 111.64305pt.
File: ./figs//urkLogoWhite.png Graphic file (type png)
<use ./figs//urkLogoWhite.png>
Package pdftex.def Info: ./figs//urkLogoWhite.png  used on input line 62.
(pdftex.def)             Requested size: 44.26962pt x 14.22636pt.

Overfull \hbox (4.5736pt too wide) in paragraph at lines 62--62
[][][][][]  
 []


Overfull \vbox (5.40828pt too high) detected at line 62
 []

Package epstopdf Info: Source file: <./figs//footer_SK_STU.eps>
(epstopdf)                    date: 2019-05-09 05:38:28
(epstopdf)                    size: 1271850 bytes
(epstopdf)             Output file: <./figs//footer_SK_STU-eps-converted-to.pdf
>
(epstopdf)                    date: 2021-11-24 09:10:42
(epstopdf)                    size: 10106 bytes
(epstopdf)             Command: <miktex-epstopdf --outfile=./figs//footer_SK_ST
U-eps-converted-to.pdf ./figs//footer_SK_STU.eps>
(epstopdf)             \includegraphics on input line 62.
Package epstopdf Info: Output file is already uptodate.
File: ./figs//footer_SK_STU-eps-converted-to.pdf Graphic file (type pdf)
<use ./figs//footer_SK_STU-eps-converted-to.pdf>
Package pdftex.def Info: ./figs//footer_SK_STU-eps-converted-to.pdf  used on in
put line 62.
(pdftex.def)             Requested size: 107.17073pt x 7.11317pt.
[11

 <./figs//ATT_Angle2.pdf>]
<./figs//PX4_Angle.jpg, id=304, 370.94601pt x 99.25879pt>
File: ./figs//PX4_Angle.jpg Graphic file (type jpg)
<use ./figs//PX4_Angle.jpg>
Package pdftex.def Info: ./figs//PX4_Angle.jpg  used on input line 87.
(pdftex.def)             Requested size: 284.52756pt x 76.13567pt.
<./figs//AP_Angle.png, id=305, 844.65562pt x 240.9pt>
File: ./figs//AP_Angle.png Graphic file (type png)
<use ./figs//AP_Angle.png>
Package pdftex.def Info: ./figs//AP_Angle.png  used on input line 87.
(pdftex.def)             Requested size: 227.62204pt x 64.91888pt.
File: ./figs//urkLogoWhite.png Graphic file (type png)
<use ./figs//urkLogoWhite.png>
Package pdftex.def Info: ./figs//urkLogoWhite.png  used on input line 87.
(pdftex.def)             Requested size: 44.26962pt x 14.22636pt.

Overfull \hbox (4.5736pt too wide) in paragraph at lines 87--87
[][][][][]  
 []

Package epstopdf Info: Source file: <./figs//footer_SK_STU.eps>
(epstopdf)                    date: 2019-05-09 05:38:28
(epstopdf)                    size: 1271850 bytes
(epstopdf)             Output file: <./figs//footer_SK_STU-eps-converted-to.pdf
>
(epstopdf)                    date: 2021-11-24 09:10:42
(epstopdf)                    size: 10106 bytes
(epstopdf)             Command: <miktex-epstopdf --outfile=./figs//footer_SK_ST
U-eps-converted-to.pdf ./figs//footer_SK_STU.eps>
(epstopdf)             \includegraphics on input line 87.
Package epstopdf Info: Output file is already uptodate.
File: ./figs//footer_SK_STU-eps-converted-to.pdf Graphic file (type pdf)
<use ./figs//footer_SK_STU-eps-converted-to.pdf>
Package pdftex.def Info: ./figs//footer_SK_STU-eps-converted-to.pdf  used on in
put line 87.
(pdftex.def)             Requested size: 107.17073pt x 7.11317pt.
[12

 <./figs//PX4_Angle.jpg>]
File: ./figs//PX4_Angle.jpg Graphic file (type jpg)
<use ./figs//PX4_Angle.jpg>
Package pdftex.def Info: ./figs//PX4_Angle.jpg  used on input line 87.
(pdftex.def)             Requested size: 284.52756pt x 76.13567pt.
File: ./figs//AP_Angle.png Graphic file (type png)
<use ./figs//AP_Angle.png>
Package pdftex.def Info: ./figs//AP_Angle.png  used on input line 87.
(pdftex.def)             Requested size: 227.62204pt x 64.91888pt.
File: ./figs//urkLogoWhite.png Graphic file (type png)
<use ./figs//urkLogoWhite.png>
Package pdftex.def Info: ./figs//urkLogoWhite.png  used on input line 87.
(pdftex.def)             Requested size: 44.26962pt x 14.22636pt.

Overfull \hbox (4.5736pt too wide) in paragraph at lines 87--87
[][][][][]  
 []

Package epstopdf Info: Source file: <./figs//footer_SK_STU.eps>
(epstopdf)                    date: 2019-05-09 05:38:28
(epstopdf)                    size: 1271850 bytes
(epstopdf)             Output file: <./figs//footer_SK_STU-eps-converted-to.pdf
>
(epstopdf)                    date: 2021-11-24 09:10:42
(epstopdf)                    size: 10106 bytes
(epstopdf)             Command: <miktex-epstopdf --outfile=./figs//footer_SK_ST
U-eps-converted-to.pdf ./figs//footer_SK_STU.eps>
(epstopdf)             \includegraphics on input line 87.
Package epstopdf Info: Output file is already uptodate.
File: ./figs//footer_SK_STU-eps-converted-to.pdf Graphic file (type pdf)
<use ./figs//footer_SK_STU-eps-converted-to.pdf>
Package pdftex.def Info: ./figs//footer_SK_STU-eps-converted-to.pdf  used on in
put line 87.
(pdftex.def)             Requested size: 107.17073pt x 7.11317pt.
[13

 <./figs//AP_Angle.png (PNG copy)>]
<./figs//ATT_Overall1.pdf, id=319, 917.59114pt x 349.77777pt>
File: ./figs//ATT_Overall1.pdf Graphic file (type pdf)
<use ./figs//ATT_Overall1.pdf>
Package pdftex.def Info: ./figs//ATT_Overall1.pdf  used on input line 131.
(pdftex.def)             Requested size: 342.2953pt x 130.48318pt.
<./figs//MS_QuadExample_AllRate.png, id=320, 785.43437pt x 263.98625pt>
File: ./figs//MS_QuadExample_AllRate.png Graphic file (type png)
<use ./figs//MS_QuadExample_AllRate.png>
Package pdftex.def Info: ./figs//MS_QuadExample_AllRate.png  used on input line
 131.
(pdftex.def)             Requested size: 342.2953pt x 115.04657pt.
<./figs//ATT_Overall2.pdf, id=321, 917.59114pt x 349.77777pt>
File: ./figs//ATT_Overall2.pdf Graphic file (type pdf)
<use ./figs//ATT_Overall2.pdf>
Package pdftex.def Info: ./figs//ATT_Overall2.pdf  used on input line 131.
(pdftex.def)             Requested size: 342.2953pt x 130.48318pt.
<./figs//ATT_Overall3.pdf, id=322, 917.59114pt x 349.77777pt>
File: ./figs//ATT_Overall3.pdf Graphic file (type pdf)
<use ./figs//ATT_Overall3.pdf>
Package pdftex.def Info: ./figs//ATT_Overall3.pdf  used on input line 131.
(pdftex.def)             Requested size: 342.2953pt x 130.48318pt.
<./figs//ATT_Overall4.pdf, id=323, 917.59114pt x 349.77777pt>
File: ./figs//ATT_Overall4.pdf Graphic file (type pdf)
<use ./figs//ATT_Overall4.pdf>
Package pdftex.def Info: ./figs//ATT_Overall4.pdf  used on input line 131.
(pdftex.def)             Requested size: 342.2953pt x 130.48318pt.
File: ./figs//urkLogoWhite.png Graphic file (type png)
<use ./figs//urkLogoWhite.png>
Package pdftex.def Info: ./figs//urkLogoWhite.png  used on input line 131.
(pdftex.def)             Requested size: 44.26962pt x 14.22636pt.

Overfull \hbox (4.5736pt too wide) in paragraph at lines 131--131
[][][][][]  
 []


Overfull \vbox (8.08601pt too high) detected at line 131
 []

Package epstopdf Info: Source file: <./figs//footer_SK_STU.eps>
(epstopdf)                    date: 2019-05-09 05:38:28
(epstopdf)                    size: 1271850 bytes
(epstopdf)             Output file: <./figs//footer_SK_STU-eps-converted-to.pdf
>
(epstopdf)                    date: 2021-11-24 09:10:42
(epstopdf)                    size: 10106 bytes
(epstopdf)             Command: <miktex-epstopdf --outfile=./figs//footer_SK_ST
U-eps-converted-to.pdf ./figs//footer_SK_STU.eps>
(epstopdf)             \includegraphics on input line 131.
Package epstopdf Info: Output file is already uptodate.
File: ./figs//footer_SK_STU-eps-converted-to.pdf Graphic file (type pdf)
<use ./figs//footer_SK_STU-eps-converted-to.pdf>
Package pdftex.def Info: ./figs//footer_SK_STU-eps-converted-to.pdf  used on in
put line 131.
(pdftex.def)             Requested size: 107.17073pt x 7.11317pt.
[14

 <./figs//ATT_Overall1.pdf>]
File: ./figs//ATT_Overall1.pdf Graphic file (type pdf)
<use ./figs//ATT_Overall1.pdf>
Package pdftex.def Info: ./figs//ATT_Overall1.pdf  used on input line 131.
(pdftex.def)             Requested size: 342.2953pt x 130.48318pt.
File: ./figs//MS_QuadExample_AllRate.png Graphic file (type png)
<use ./figs//MS_QuadExample_AllRate.png>
Package pdftex.def Info: ./figs//MS_QuadExample_AllRate.png  used on input line
 131.
(pdftex.def)             Requested size: 342.2953pt x 115.04657pt.
File: ./figs//ATT_Overall2.pdf Graphic file (type pdf)
<use ./figs//ATT_Overall2.pdf>
Package pdftex.def Info: ./figs//ATT_Overall2.pdf  used on input line 131.
(pdftex.def)             Requested size: 342.2953pt x 130.48318pt.
File: ./figs//ATT_Overall3.pdf Graphic file (type pdf)
<use ./figs//ATT_Overall3.pdf>
Package pdftex.def Info: ./figs//ATT_Overall3.pdf  used on input line 131.
(pdftex.def)             Requested size: 342.2953pt x 130.48318pt.
File: ./figs//ATT_Overall4.pdf Graphic file (type pdf)
<use ./figs//ATT_Overall4.pdf>
Package pdftex.def Info: ./figs//ATT_Overall4.pdf  used on input line 131.
(pdftex.def)             Requested size: 342.2953pt x 130.48318pt.
File: ./figs//urkLogoWhite.png Graphic file (type png)
<use ./figs//urkLogoWhite.png>
Package pdftex.def Info: ./figs//urkLogoWhite.png  used on input line 131.
(pdftex.def)             Requested size: 44.26962pt x 14.22636pt.

Overfull \hbox (4.5736pt too wide) in paragraph at lines 131--131
[][][][][]  
 []

Package epstopdf Info: Source file: <./figs//footer_SK_STU.eps>
(epstopdf)                    date: 2019-05-09 05:38:28
(epstopdf)                    size: 1271850 bytes
(epstopdf)             Output file: <./figs//footer_SK_STU-eps-converted-to.pdf
>
(epstopdf)                    date: 2021-11-24 09:10:42
(epstopdf)                    size: 10106 bytes
(epstopdf)             Command: <miktex-epstopdf --outfile=./figs//footer_SK_ST
U-eps-converted-to.pdf ./figs//footer_SK_STU.eps>
(epstopdf)             \includegraphics on input line 131.
Package epstopdf Info: Output file is already uptodate.
File: ./figs//footer_SK_STU-eps-converted-to.pdf Graphic file (type pdf)
<use ./figs//footer_SK_STU-eps-converted-to.pdf>
Package pdftex.def Info: ./figs//footer_SK_STU-eps-converted-to.pdf  used on in
put line 131.
(pdftex.def)             Requested size: 107.17073pt x 7.11317pt.
[15

 <./figs//MS_QuadExample_AllRate.png>]
File: ./figs//ATT_Overall1.pdf Graphic file (type pdf)
<use ./figs//ATT_Overall1.pdf>
Package pdftex.def Info: ./figs//ATT_Overall1.pdf  used on input line 131.
(pdftex.def)             Requested size: 342.2953pt x 130.48318pt.
File: ./figs//MS_QuadExample_AllRate.png Graphic file (type png)
<use ./figs//MS_QuadExample_AllRate.png>
Package pdftex.def Info: ./figs//MS_QuadExample_AllRate.png  used on input line
 131.
(pdftex.def)             Requested size: 342.2953pt x 115.04657pt.
File: ./figs//ATT_Overall2.pdf Graphic file (type pdf)
<use ./figs//ATT_Overall2.pdf>
Package pdftex.def Info: ./figs//ATT_Overall2.pdf  used on input line 131.
(pdftex.def)             Requested size: 342.2953pt x 130.48318pt.
File: ./figs//ATT_Overall3.pdf Graphic file (type pdf)
<use ./figs//ATT_Overall3.pdf>
Package pdftex.def Info: ./figs//ATT_Overall3.pdf  used on input line 131.
(pdftex.def)             Requested size: 342.2953pt x 130.48318pt.
File: ./figs//ATT_Overall4.pdf Graphic file (type pdf)
<use ./figs//ATT_Overall4.pdf>
Package pdftex.def Info: ./figs//ATT_Overall4.pdf  used on input line 131.
(pdftex.def)             Requested size: 342.2953pt x 130.48318pt.
File: ./figs//urkLogoWhite.png Graphic file (type png)
<use ./figs//urkLogoWhite.png>
Package pdftex.def Info: ./figs//urkLogoWhite.png  used on input line 131.
(pdftex.def)             Requested size: 44.26962pt x 14.22636pt.

Overfull \hbox (4.5736pt too wide) in paragraph at lines 131--131
[][][][][]  
 []


Overfull \vbox (8.08601pt too high) detected at line 131
 []

Package epstopdf Info: Source file: <./figs//footer_SK_STU.eps>
(epstopdf)                    date: 2019-05-09 05:38:28
(epstopdf)                    size: 1271850 bytes
(epstopdf)             Output file: <./figs//footer_SK_STU-eps-converted-to.pdf
>
(epstopdf)                    date: 2021-11-24 09:10:42
(epstopdf)                    size: 10106 bytes
(epstopdf)             Command: <miktex-epstopdf --outfile=./figs//footer_SK_ST
U-eps-converted-to.pdf ./figs//footer_SK_STU.eps>
(epstopdf)             \includegraphics on input line 131.
Package epstopdf Info: Output file is already uptodate.
File: ./figs//footer_SK_STU-eps-converted-to.pdf Graphic file (type pdf)
<use ./figs//footer_SK_STU-eps-converted-to.pdf>
Package pdftex.def Info: ./figs//footer_SK_STU-eps-converted-to.pdf  used on in
put line 131.
(pdftex.def)             Requested size: 107.17073pt x 7.11317pt.
[16

 <./figs//ATT_Overall2.pdf>]
File: ./figs//ATT_Overall1.pdf Graphic file (type pdf)
<use ./figs//ATT_Overall1.pdf>
Package pdftex.def Info: ./figs//ATT_Overall1.pdf  used on input line 131.
(pdftex.def)             Requested size: 342.2953pt x 130.48318pt.
File: ./figs//MS_QuadExample_AllRate.png Graphic file (type png)
<use ./figs//MS_QuadExample_AllRate.png>
Package pdftex.def Info: ./figs//MS_QuadExample_AllRate.png  used on input line
 131.
(pdftex.def)             Requested size: 342.2953pt x 115.04657pt.
File: ./figs//ATT_Overall2.pdf Graphic file (type pdf)
<use ./figs//ATT_Overall2.pdf>
Package pdftex.def Info: ./figs//ATT_Overall2.pdf  used on input line 131.
(pdftex.def)             Requested size: 342.2953pt x 130.48318pt.
File: ./figs//ATT_Overall3.pdf Graphic file (type pdf)
<use ./figs//ATT_Overall3.pdf>
Package pdftex.def Info: ./figs//ATT_Overall3.pdf  used on input line 131.
(pdftex.def)             Requested size: 342.2953pt x 130.48318pt.
File: ./figs//ATT_Overall4.pdf Graphic file (type pdf)
<use ./figs//ATT_Overall4.pdf>
Package pdftex.def Info: ./figs//ATT_Overall4.pdf  used on input line 131.
(pdftex.def)             Requested size: 342.2953pt x 130.48318pt.
File: ./figs//urkLogoWhite.png Graphic file (type png)
<use ./figs//urkLogoWhite.png>
Package pdftex.def Info: ./figs//urkLogoWhite.png  used on input line 131.
(pdftex.def)             Requested size: 44.26962pt x 14.22636pt.

Overfull \hbox (4.5736pt too wide) in paragraph at lines 131--131
[][][][][]  
 []


Overfull \vbox (8.08601pt too high) detected at line 131
 []

Package epstopdf Info: Source file: <./figs//footer_SK_STU.eps>
(epstopdf)                    date: 2019-05-09 05:38:28
(epstopdf)                    size: 1271850 bytes
(epstopdf)             Output file: <./figs//footer_SK_STU-eps-converted-to.pdf
>
(epstopdf)                    date: 2021-11-24 09:10:42
(epstopdf)                    size: 10106 bytes
(epstopdf)             Command: <miktex-epstopdf --outfile=./figs//footer_SK_ST
U-eps-converted-to.pdf ./figs//footer_SK_STU.eps>
(epstopdf)             \includegraphics on input line 131.
Package epstopdf Info: Output file is already uptodate.
File: ./figs//footer_SK_STU-eps-converted-to.pdf Graphic file (type pdf)
<use ./figs//footer_SK_STU-eps-converted-to.pdf>
Package pdftex.def Info: ./figs//footer_SK_STU-eps-converted-to.pdf  used on in
put line 131.
(pdftex.def)             Requested size: 107.17073pt x 7.11317pt.
[17

 <./figs//ATT_Overall3.pdf>]
File: ./figs//ATT_Overall1.pdf Graphic file (type pdf)
<use ./figs//ATT_Overall1.pdf>
Package pdftex.def Info: ./figs//ATT_Overall1.pdf  used on input line 131.
(pdftex.def)             Requested size: 342.2953pt x 130.48318pt.
File: ./figs//MS_QuadExample_AllRate.png Graphic file (type png)
<use ./figs//MS_QuadExample_AllRate.png>
Package pdftex.def Info: ./figs//MS_QuadExample_AllRate.png  used on input line
 131.
(pdftex.def)             Requested size: 342.2953pt x 115.04657pt.
File: ./figs//ATT_Overall2.pdf Graphic file (type pdf)
<use ./figs//ATT_Overall2.pdf>
Package pdftex.def Info: ./figs//ATT_Overall2.pdf  used on input line 131.
(pdftex.def)             Requested size: 342.2953pt x 130.48318pt.
File: ./figs//ATT_Overall3.pdf Graphic file (type pdf)
<use ./figs//ATT_Overall3.pdf>
Package pdftex.def Info: ./figs//ATT_Overall3.pdf  used on input line 131.
(pdftex.def)             Requested size: 342.2953pt x 130.48318pt.
File: ./figs//ATT_Overall4.pdf Graphic file (type pdf)
<use ./figs//ATT_Overall4.pdf>
Package pdftex.def Info: ./figs//ATT_Overall4.pdf  used on input line 131.
(pdftex.def)             Requested size: 342.2953pt x 130.48318pt.
File: ./figs//urkLogoWhite.png Graphic file (type png)
<use ./figs//urkLogoWhite.png>
Package pdftex.def Info: ./figs//urkLogoWhite.png  used on input line 131.
(pdftex.def)             Requested size: 44.26962pt x 14.22636pt.

Overfull \hbox (4.5736pt too wide) in paragraph at lines 131--131
[][][][][]  
 []


Overfull \vbox (8.08601pt too high) detected at line 131
 []

Package epstopdf Info: Source file: <./figs//footer_SK_STU.eps>
(epstopdf)                    date: 2019-05-09 05:38:28
(epstopdf)                    size: 1271850 bytes
(epstopdf)             Output file: <./figs//footer_SK_STU-eps-converted-to.pdf
>
(epstopdf)                    date: 2021-11-24 09:10:42
(epstopdf)                    size: 10106 bytes
(epstopdf)             Command: <miktex-epstopdf --outfile=./figs//footer_SK_ST
U-eps-converted-to.pdf ./figs//footer_SK_STU.eps>
(epstopdf)             \includegraphics on input line 131.
Package epstopdf Info: Output file is already uptodate.
File: ./figs//footer_SK_STU-eps-converted-to.pdf Graphic file (type pdf)
<use ./figs//footer_SK_STU-eps-converted-to.pdf>
Package pdftex.def Info: ./figs//footer_SK_STU-eps-converted-to.pdf  used on in
put line 131.
(pdftex.def)             Requested size: 107.17073pt x 7.11317pt.
[18

 <./figs//ATT_Overall4.pdf>])
Package epstopdf Info: Source file: <./figs//footer_SK_STU.eps>
(epstopdf)                    date: 2019-05-09 05:38:28
(epstopdf)                    size: 1271850 bytes
(epstopdf)             Output file: <./figs//footer_SK_STU-eps-converted-to.pdf
>
(epstopdf)                    date: 2021-11-24 09:10:42
(epstopdf)                    size: 10106 bytes
(epstopdf)             Command: <miktex-epstopdf --outfile=./figs//footer_SK_ST
U-eps-converted-to.pdf ./figs//footer_SK_STU.eps>
(epstopdf)             \includegraphics on input line 46.
Package epstopdf Info: Output file is already uptodate.
File: ./figs//footer_SK_STU-eps-converted-to.pdf Graphic file (type pdf)
<use ./figs//footer_SK_STU-eps-converted-to.pdf>
Package pdftex.def Info: ./figs//footer_SK_STU-eps-converted-to.pdf  used on in
put line 46.
(pdftex.def)             Requested size: 107.17073pt x 7.11317pt.
 [19

] [20

]
\c@framenumberappendix=\count501
File: ./figs//urkLogoWhite.png Graphic file (type png)
<use ./figs//urkLogoWhite.png>
Package pdftex.def Info: ./figs//urkLogoWhite.png  used on input line 51.
(pdftex.def)             Requested size: 44.26962pt x 14.22636pt.

Overfull \hbox (4.5736pt too wide) in paragraph at lines 51--51
[][][][][]  
 []

[21

]
\tf@nav=\write7
\openout7 = `mypresentation.nav'.

\tf@toc=\write8
\openout8 = `mypresentation.toc'.

\tf@snm=\write9
\openout9 = `mypresentation.snm'.

 (mypresentation.aux)
Package rerunfilecheck Info: File `mypresentation.out' has not changed.
(rerunfilecheck)             Checksum: 5B013F408CF49C94D630AA5CB3B5BDEA;93.
Package logreq Info: Writing requests to 'mypresentation.run.xml'.
\openout1 = `mypresentation.run.xml'.

 ) 
Here is how much of TeX's memory you used:
 41489 strings out of 478870
 844873 string characters out of 2856225
 1601004 words of memory out of 3000000
 58549 multiletter control sequences out of 15000+600000
 428148 words of font info for 95 fonts, out of 8000000 for 9000
 1141 hyphenation exceptions out of 8191
 128i,16n,124p,749b,1668s stack positions out of 5000i,500n,10000p,200000b,80000s
 <C:\Users\Gergely\AppData\Local\MiKTeX\2.9\fonts/pk/ljfour/jknappen/ec/dpi60
0\ecsi1000.pk> <C:\Users\Gergely\AppData\Local\MiKTeX\2.9\fonts/pk/ljfour/jknap
pen/ec/dpi600\ecss1000.pk>{C:/Program Files/MiKTeX 2.9/fonts/enc/dvips/base/8r.
enc} <C:\Users\Gergely\AppData\Local\MiKTeX\2.9\fonts/pk/ljfour/jknappen/ec/dpi
600\ecss2488.pk> <C:\Users\Gergely\AppData\Local\MiKTeX\2.9\fonts/pk/ljfour/jkn
appen/ec/dpi600\ecss0900.pk> <C:\Users\Gergely\AppData\Local\MiKTeX\2.9\fonts/p
k/ljfour/jknappen/ec/dpi600\ecss0600.pk> <C:\Users\Gergely\AppData\Local\MiKTeX
\2.9\fonts/pk/ljfour/jknappen/ec/dpi600\ecss0800.pk> <C:\Users\Gergely\AppData\
Local\MiKTeX\2.9\fonts/pk/ljfour/jknappen/ec/dpi600\ecsi1095.pk> <C:\Users\Gerg
ely\AppData\Local\MiKTeX\2.9\fonts/pk/ljfour/jknappen/ec/dpi600\ecss1200.pk> <C
:\Users\Gergely\AppData\Local\MiKTeX\2.9\fonts/pk/ljfour/jknappen/ec/dpi600\ecs
s1095.pk> <C:\Users\Gergely\AppData\Local\MiKTeX\2.9\fonts/pk/ljfour/jknappen/e
c/dpi600\ecss1440.pk><C:/Program Files/MiKTeX 2.9/fonts/type1/public/amsfonts/c
m/cmmi10.pfb><C:/Program Files/MiKTeX 2.9/fonts/type1/public/amsfonts/cm/cmss10
.pfb><C:/Program Files/MiKTeX 2.9/fonts/type1/public/amsfonts/cm/cmss8.pfb><C:/
Program Files/MiKTeX 2.9/fonts/type1/public/amsfonts/cm/cmssi10.pfb><C:/Program
 Files/MiKTeX 2.9/fonts/type1/public/amsfonts/cm/cmsy10.pfb><C:/Program Files/M
iKTeX 2.9/fonts/type1/urw/courier/ucrr8a.pfb>
Output written on mypresentation.pdf (21 pages, 7064102 bytes).
PDF statistics:
 911 PDF objects out of 1000 (max. 8388607)
 49 named destinations out of 1000 (max. 500000)
 174 words of extra memory for PDF output out of 10000 (max. 10000000)

